#
# A fatal error has been detected by the Java Runtime Environment:
#
#  SIGSEGV (0xb) at pc=0x0000000110f357f1, pid=9436, tid=23811
#
# JRE version: OpenJDK Runtime Environment Temurin-17.0.11+9 (17.0.11+9) (build 17.0.11+9)
# Java VM: OpenJDK 64-Bit Server VM Temurin-17.0.11+9 (17.0.11+9, mixed mode, tiered, compressed oops, compressed class ptrs, g1 gc, bsd-amd64)
# Problematic frame:
# V  [libjvm.dylib+0x7377f1]  _ZN14PhaseIdealLoop16build_loop_earlyER9VectorSetR9Node_ListR10Node_Stack+0x131
#
# No core dump will be written. Core dumps have been disabled. To enable core dumping, try "ulimit -c unlimited" before starting Java again
#
# If you would like to submit a bug report, please visit:
#   https://github.com/adoptium/adoptium-support/issues
#

---------------  S U M M A R Y ------------

Command Line: --add-opens=java.base/java.util=ALL-UNNAMED --add-opens=java.base/java.lang=ALL-UNNAMED --add-opens=java.base/java.lang.invoke=ALL-UNNAMED --add-opens=java.prefs/java.util.prefs=ALL-UNNAMED --add-opens=java.base/java.nio.charset=ALL-UNNAMED --add-opens=java.base/java.net=ALL-UNNAMED --add-opens=java.base/java.util.concurrent.atomic=ALL-UNNAMED -Xmx3G -Dfile.encoding=UTF-8 -Duser.country=CA -Duser.language=en -Duser.variant -javaagent:/Users/lukeyan/.gradle/wrapper/dists/gradle-8.1.1-bin/9wiye5v2saajue4irfo8ybqfp/gradle-8.1.1/lib/agents/gradle-instrumentation-agent-8.1.1.jar org.gradle.launcher.daemon.bootstrap.GradleDaemon 8.1.1

Host: "MacBookPro12,1" x86_64 2700 MHz, 4 cores, 16G, Darwin 21.6.0, macOS 12.6.3 (21G419)
Time: Fri Dec  6 09:25:06 2024 PST elapsed time: 42.434755 seconds (0d 0h 0m 42s)

---------------  T H R E A D  ---------------

Current thread (0x00007fd75f810c00):  JavaThread "C2 CompilerThread0" daemon [_thread_in_native, id=23811, stack(0x000070000833e000,0x000070000843e000)]


Current CompileTask:
C2:  42434 6154   !   4       java.net.URLClassLoader$1::run (81 bytes)

Stack: [0x000070000833e000,0x000070000843e000],  sp=0x000070000843a000,  free space=1008k
Native frames: (J=compiled Java code, j=interpreted, Vv=VM code, C=native code)
V  [libjvm.dylib+0x7377f1]  _ZN14PhaseIdealLoop16build_loop_earlyER9VectorSetR9Node_ListR10Node_Stack+0x131
V  [libjvm.dylib+0x736a4b]  _ZN14PhaseIdealLoop18build_and_optimizeEv+0x70b
V  [libjvm.dylib+0x3045b6]  _ZN14PhaseIdealLoop8optimizeER12PhaseIterGVN12LoopOptsMode+0x56
V  [libjvm.dylib+0x304860]  _ZN7Compile14optimize_loopsER12PhaseIterGVN12LoopOptsMode+0xd0
V  [libjvm.dylib+0x300e61]  _ZN7Compile8OptimizeEv+0xed1
V  [libjvm.dylib+0x2feead]  _ZN7CompileC2EP5ciEnvP8ciMethodibbbbbP12DirectiveSet+0xddd
V  [libjvm.dylib+0x267ecf]  _ZN10C2Compiler14compile_methodEP5ciEnvP8ciMethodibP12DirectiveSet+0xdf
V  [libjvm.dylib+0x310d8d]  _ZN13CompileBroker25invoke_compiler_on_methodEP11CompileTask+0x62d
V  [libjvm.dylib+0x31053f]  _ZN13CompileBroker20compiler_thread_loopEv+0x43f
V  [libjvm.dylib+0xa54a5b]  _ZN10JavaThread17thread_main_innerEv+0x14b
V  [libjvm.dylib+0xa52db7]  _ZN6Thread8call_runEv+0xa7
V  [libjvm.dylib+0x86374c]  _ZL19thread_native_entryP6Thread+0x14c
C  [libsystem_pthread.dylib+0x64e1]  _pthread_start+0x7d
C  [libsystem_pthread.dylib+0x1f6b]  thread_start+0xf


siginfo: si_signo: 11 (SIGSEGV), si_code: 1 (SEGV_MAPERR), si_addr: 0x0000000200000018

Registers:
RAX=0x00007fd7606f0010, RBX=0x000000000000030c, RCX=0x00007fd7606f0010, RDX=0x000070000843a328
RSP=0x000070000843a000, RBP=0x000070000843a060, RSI=0x00007fd75dbc5f90, RDI=0x000070000843a398
R8 =0x000070000843a398, R9 =0xffffffff00000000, R10=0x00000001114e9440, R11=0x0000000000001000
R12=0x0000000000000002, R13=0x000000000000286c, R14=0x0000000000000000, R15=0x0000000200000000
RIP=0x0000000110f357f1, EFLAGS=0x0000000000010206, ERR=0x0000000000000004
  TRAPNO=0x000000000000000e


Register to memory mapping:

RAX=0x00007fd7606f0010 points into unknown readable memory: 0x00007fd75e477410 | 10 74 47 5e d7 7f 00 00
RBX=0x000000000000030c is an unknown value
RCX=0x00007fd7606f0010 points into unknown readable memory: 0x00007fd75e477410 | 10 74 47 5e d7 7f 00 00
RDX=0x000070000843a328 is pointing into the stack for thread: 0x00007fd75f810c00
RSP=0x000070000843a000 is pointing into the stack for thread: 0x00007fd75f810c00
RBP=0x000070000843a060 is pointing into the stack for thread: 0x00007fd75f810c00
RSI=0x00007fd75dbc5f90 points into unknown readable memory: 0x0000000111489450 | 50 94 48 11 01 00 00 00
RDI=0x000070000843a398 is pointing into the stack for thread: 0x00007fd75f810c00
R8 =0x000070000843a398 is pointing into the stack for thread: 0x00007fd75f810c00
R9 =0xffffffff00000000 is an unknown value
R10=0x00000001114e9440: _ZL8tc_mutex+0x18 in /Library/Java/JavaVirtualMachines/temurin-17.jdk/Contents/Home/lib/server/libjvm.dylib at 0x00000001107fe000
R11=4096 is a compressed pointer to class: 0x0000000800001000
sun.security.util.ManifestEntryVerifier {0x0000000800001000}
 - instance size:     6
 - klass size:        71
 - access:            public synchronized 
 - state:             fully_initialized
 - name:              'sun/security/util/ManifestEntryVerifier'
 - super:             'java/lang/Object'
 - sub:               
 - arrays:            NULL
 - methods:           Array<T>(0x00000001335e92c8)
 - method ordering:   Array<T>(0x0000000133000018)
 - default_methods:   Array<T>(0x0000000000000000)
 - local interfaces:  Array<T>(0x0000000133000058)
 - trans. interfaces: Array<T>(0x0000000133000058)
 - constants:         constant pool [379] {0x00000001335e8518} for 'sun/security/util/ManifestEntryVerifier' cache=0x00000001335e9f08
 - class loader data:  loader data: 0x0000600003eacf00 of 'bootstrap'
 - source file:       'ManifestEntryVerifier.java'
 - class annotations:       Array<T>(0x0000000000000000)
 - class type annotations:  Array<T>(0x0000000000000000)
 - field annotations:       Array<T>(0x0000000000000000)
 - field type annotations:  Array<T>(0x0000000000000000)
 - inner classes:     Array<T>(0x00000001335e9ed0)
 - nest members:     Array<T>(0x00000001335e9ef8)
 - permitted subclasses:     Array<T>(0x0000000133000028)
 - java mirror:       a 'java/lang/Class'{0x000000074007ae08} = 'sun/security/util/ManifestEntryVerifier'
 - vtable length      10  (start addr: 0x00000008000011d0)
 - itable length      2 (start addr: 0x0000000800001220)
 - ---- static fields (1 words):
 - private static final 'debug' 'Lsun/security/util/Debug;' @112 
 - ---- non-static fields (9 words):
 - private 'skip' 'Z' @12 
 - 'createdDigests' 'Ljava/util/HashMap;' @16 
 - 'digests' 'Ljava/util/ArrayList;' @20 
 - 'manifestHashes' 'Ljava/util/ArrayList;' @24 
 - private 'name' 'Ljava/lang/String;' @28 
 - private final 'manifestFileName' 'Ljava/lang/String;' @32 
 - private final 'man' 'Ljava/util/jar/Manifest;' @36 
 - private 'entry' 'Ljava/util/jar/JarEntry;' @40 
 - private 'signers' '[Ljava/security/CodeSigner;' @44 
 - non-static oop maps: 16-44 
R12=0x0000000000000002 is an unknown value
R13=0x000000000000286c is an unknown value
R14=0x0 is NULL
R15=0x0000000200000000 is an unknown value


Top of Stack: (sp=0x000070000843a000)
0x000070000843a000:   0000000000000002 000070000843a328
0x000070000843a010:   000070000843a2d0 000070000843a2f8
0x000070000843a020:   000070000843a3b8 00007fd75dbc5f90
0x000070000843a030:   000070000843a398 000070000843a398
0x000070000843a040:   0000000000000001 00007fd760743ab0
0x000070000843a050:   0000000000000000 000070000843a3a8
0x000070000843a060:   000070000843a380 0000000110f34a4b
0x000070000843a070:   000070000843a0c0 00006000001a2250
0x000070000843a080:   00007fd700000004 00007fd7618f8210
0x000070000843a090:   0000700000000000 0000000111259d13
0x000070000843a0a0:   000070000843a0b0 0000000111259dd5
0x000070000843a0b0:   000070000843a100 0000000110942ad4
0x000070000843a0c0:   000070000843a110 0000000110f1f463
0x000070000843a0d0:   00007fd761df46d0 0000000110f10531
0x000070000843a0e0:   00006000001a2250 0000000000000000
0x000070000843a0f0:   0000000000000800 0000000000007fd8
0x000070000843a100:   000070000843a140 0000000110943791
0x000070000843a110:   00007fd75e4b7640 00007fd75e4b6e40
0x000070000843a120:   00007fd75e481ab8 00007fd75e4b7240
0x000070000843a130:   00006000001a2250 0000000000000000
0x000070000843a140:   0000000000000000 0000000000000000
0x000070000843a150:   000070000843a160 000070000843a238
0x000070000843a160:   0000000000020010 00007fd75fcbda00
0x000070000843a170:   000000010f6d0000 0000000000000000
0x000070000843a180:   000070000843a1b0 00007ff81912c885
0x000070000843a190:   000070000843a238 0000000000020010
0x000070000843a1a0:   0000000000000001 00007ff85aa7b000
0x000070000843a1b0:   000070000843a1f0 00007ff819147abb
0x000070000843a1c0:   0000000000000000 000070000843a238
0x000070000843a1d0:   000000011151a700 00007fd75fcbda00
0x000070000843a1e0:   000000000000000d 0000000000020010
0x000070000843a1f0:   000070000843a220 000000011105d75b 

Instructions: (pc=0x0000000110f357f1)
0x0000000110f356f1:   7d d0 48 89 55 a8 eb 16 0f 1f 80 00 00 00 00 48
0x0000000110f35701:   8b 55 a8 8b 42 18 85 c0 0f 84 dd 05 00 00 48 8b
0x0000000110f35711:   4a 10 ff c8 89 42 18 48 8b 34 c1 45 31 f6 44 8b
0x0000000110f35721:   66 18 45 85 f6 48 89 75 c8 0f 85 60 03 00 00 eb
0x0000000110f35731:   2f 66 66 66 66 66 2e 0f 1f 84 00 00 00 00 00 48
0x0000000110f35741:   8b 4d c8 48 89 08 89 58 08 45 31 f6 4c 89 ee 44
0x0000000110f35751:   8b 66 18 45 85 f6 48 89 75 c8 0f 85 2f 03 00 00
0x0000000110f35761:   48 85 f6 74 1a 8b 46 28 45 31 f6 41 39 40 28 77
0x0000000110f35771:   4c e9 19 03 00 00 66 0f 1f 84 00 00 00 00 00 48
0x0000000110f35781:   8d 3d 95 86 41 00 be ad 03 00 00 48 8d 15 ee 60
0x0000000110f35791:   42 00 48 8d 0d 06 61 42 00 31 c0 e8 ff 16 c0 ff
0x0000000110f357a1:   e8 da ba 12 00 4c 8b 45 d0 48 8b 75 c8 8b 46 28
0x0000000110f357b1:   45 31 f6 41 39 40 28 0f 86 d2 02 00 00 49 8b 48
0x0000000110f357c1:   30 48 8b 04 c1 48 85 c0 0f 84 c1 02 00 00 83 e0
0x0000000110f357d1:   01 0f 85 b8 02 00 00 4c 89 65 a0 eb 29 66 90 49
0x0000000110f357e1:   8b 40 30 4e 8b 3c e8 4d 85 ff 0f 84 8e 00 00 00
0x0000000110f357f1:   49 83 7f 18 00 0f 85 a4 00 00 00 49 8b 1f 49 8b
0x0000000110f35801:   40 30 4a 89 1c e8 48 85 f6 74 14 44 8b 6e 28 45
0x0000000110f35811:   39 68 28 77 ca eb 40 0f 1f 84 00 00 00 00 00 48
0x0000000110f35821:   8d 3d f5 85 41 00 be ad 03 00 00 48 8d 15 4e 60
0x0000000110f35831:   42 00 48 8d 0d 66 60 42 00 31 c0 e8 5f 16 c0 ff
0x0000000110f35841:   e8 3a ba 12 00 4c 8b 45 d0 48 8b 75 c8 44 8b 6e
0x0000000110f35851:   28 45 39 68 28 77 88 4d 8b b8 90 09 00 00 49 83
0x0000000110f35861:   7f 18 00 75 3a 49 8b 1f 48 8b 7d c0 44 89 ee e8
0x0000000110f35871:   bb b3 10 00 4c 8b 45 d0 48 8b 75 c8 eb 80 4d 8b
0x0000000110f35881:   b8 90 09 00 00 49 83 7f 18 00 0f 84 6b ff ff ff
0x0000000110f35891:   66 66 66 66 66 66 2e 0f 1f 84 00 00 00 00 00 41
0x0000000110f358a1:   80 b8 b0 09 00 00 00 4c 8b 65 a0 0f 85 de 01 00
0x0000000110f358b1:   00 49 83 b8 a8 09 00 00 00 0f 85 d0 01 00 00 41
0x0000000110f358c1:   f6 47 5a 04 0f 84 c5 01 00 00 48 8b 06 48 89 f7
0x0000000110f358d1:   48 89 f3 ff 10 3d 15 01 00 00 75 14 48 85 db 74
0x0000000110f358e1:   1b 8b 43 28 4c 8b 45 d0 41 39 40 28 77 45 eb 50 


Stack slot to memory mapping:
stack at sp + 0 slots: 0x0000000000000002 is an unknown value
stack at sp + 1 slots: 0x000070000843a328 is pointing into the stack for thread: 0x00007fd75f810c00
stack at sp + 2 slots: 0x000070000843a2d0 is pointing into the stack for thread: 0x00007fd75f810c00
stack at sp + 3 slots: 0x000070000843a2f8 is pointing into the stack for thread: 0x00007fd75f810c00
stack at sp + 4 slots: 0x000070000843a3b8 is pointing into the stack for thread: 0x00007fd75f810c00
stack at sp + 5 slots: 0x00007fd75dbc5f90 points into unknown readable memory: 0x0000000111489450 | 50 94 48 11 01 00 00 00
stack at sp + 6 slots: 0x000070000843a398 is pointing into the stack for thread: 0x00007fd75f810c00
stack at sp + 7 slots: 0x000070000843a398 is pointing into the stack for thread: 0x00007fd75f810c00


---------------  P R O C E S S  ---------------

Threads class SMR info:
_java_thread_list=0x0000600000e56080, length=44, elements={
0x00007fd75f820400, 0x00007fd75d82c000, 0x00007fd75d80ba00, 0x00007fd75e09f600,
0x00007fd75f83bc00, 0x00007fd75d80c000, 0x00007fd75f810c00, 0x00007fd75f018000,
0x00007fd75d80c600, 0x00007fd75d82e800, 0x00007fd75f83cc00, 0x00007fd75d8bfc00,
0x00007fd75e7ff600, 0x00007fd75f625e00, 0x00007fd75e617000, 0x00007fd75fe36200,
0x00007fd75e272400, 0x00007fd75fe35a00, 0x00007fd75dcc6200, 0x00007fd75f21f800,
0x00007fd75f21f200, 0x00007fd75f195e00, 0x00007fd75decea00, 0x00007fd75e273000,
0x00007fd75dc61c00, 0x00007fd75f175000, 0x00007fd75f19e400, 0x00007fd75f1a3400,
0x00007fd75f17a000, 0x00007fd761956c00, 0x00007fd75decf000, 0x00007fd761954400,
0x00007fd75decf600, 0x00007fd75f859600, 0x00007fd75f859c00, 0x00007fd75e36d600,
0x00007fd75e422200, 0x00007fd761e12e00, 0x00007fd75e426800, 0x00007fd75fb39200,
0x00007fd75d890200, 0x00007fd75d93d600, 0x00007fd75dfdf600, 0x00007fd75e2b9800
}

Java Threads: ( => current thread )
  0x00007fd75f820400 JavaThread "main" [_thread_blocked, id=6147, stack(0x0000700007614000,0x0000700007714000)]
  0x00007fd75d82c000 JavaThread "Reference Handler" daemon [_thread_blocked, id=15363, stack(0x0000700007d29000,0x0000700007e29000)]
  0x00007fd75d80ba00 JavaThread "Finalizer" daemon [_thread_blocked, id=16387, stack(0x0000700007e2c000,0x0000700007f2c000)]
  0x00007fd75e09f600 JavaThread "Signal Dispatcher" daemon [_thread_blocked, id=42499, stack(0x0000700008035000,0x0000700008135000)]
  0x00007fd75f83bc00 JavaThread "Service Thread" daemon [_thread_blocked, id=42243, stack(0x0000700008138000,0x0000700008238000)]
  0x00007fd75d80c000 JavaThread "Monitor Deflation Thread" daemon [_thread_blocked, id=23299, stack(0x000070000823b000,0x000070000833b000)]
=>0x00007fd75f810c00 JavaThread "C2 CompilerThread0" daemon [_thread_in_native, id=23811, stack(0x000070000833e000,0x000070000843e000)]
  0x00007fd75f018000 JavaThread "C1 CompilerThread0" daemon [_thread_blocked, id=41731, stack(0x0000700008441000,0x0000700008541000)]
  0x00007fd75d80c600 JavaThread "Sweeper thread" daemon [_thread_blocked, id=41475, stack(0x0000700008544000,0x0000700008644000)]
  0x00007fd75d82e800 JavaThread "Common-Cleaner" daemon [_thread_blocked, id=40963, stack(0x0000700008647000,0x0000700008747000)]
  0x00007fd75f83cc00 JavaThread "Notification Thread" daemon [_thread_blocked, id=24835, stack(0x000070000874a000,0x000070000884a000)]
  0x00007fd75d8bfc00 JavaThread "Daemon health stats" [_thread_blocked, id=42759, stack(0x0000700008c59000,0x0000700008d59000)]
  0x00007fd75e7ff600 JavaThread "Incoming local TCP Connector on port 64635" [_thread_in_native, id=26627, stack(0x0000700008d5c000,0x0000700008e5c000)]
  0x00007fd75f625e00 JavaThread "Daemon periodic checks" [_thread_blocked, id=39427, stack(0x0000700008e5f000,0x0000700008f5f000)]
  0x00007fd75e617000 JavaThread "Daemon" [_thread_blocked, id=27139, stack(0x0000700008f62000,0x0000700009062000)]
  0x00007fd75fe36200 JavaThread "Handler for socket connection from /127.0.0.1:64635 to /127.0.0.1:64636" [_thread_in_native, id=27651, stack(0x0000700009065000,0x0000700009165000)]
  0x00007fd75e272400 JavaThread "Cancel handler" [_thread_blocked, id=38915, stack(0x0000700009168000,0x0000700009268000)]
  0x00007fd75fe35a00 JavaThread "Daemon worker" [_thread_in_native, id=28163, stack(0x000070000926b000,0x000070000936b000)]
  0x00007fd75dcc6200 JavaThread "Asynchronous log dispatcher for DefaultDaemonConnection: socket connection from /127.0.0.1:64635 to /127.0.0.1:64636" [_thread_blocked, id=38659, stack(0x000070000936e000,0x000070000946e000)]
  0x00007fd75f21f800 JavaThread "Stdin handler" [_thread_blocked, id=38403, stack(0x0000700009471000,0x0000700009571000)]
  0x00007fd75f21f200 JavaThread "Daemon client event forwarder" [_thread_blocked, id=37891, stack(0x0000700009574000,0x0000700009674000)]
  0x00007fd75f195e00 JavaThread "Cache worker for journal cache (/Users/lukeyan/.gradle/caches/journal-1)" [_thread_blocked, id=29187, stack(0x0000700009677000,0x0000700009777000)]
  0x00007fd75decea00 JavaThread "File lock request listener" [_thread_in_native, id=37635, stack(0x000070000977a000,0x000070000987a000)]
  0x00007fd75e273000 JavaThread "Cache worker for file hash cache (/Users/lukeyan/.gradle/caches/8.1.1/fileHashes)" [_thread_blocked, id=37123, stack(0x000070000987d000,0x000070000997d000)]
  0x00007fd75dc61c00 JavaThread "File watcher server" daemon [_thread_in_native, id=36867, stack(0x0000700009980000,0x0000700009a80000)]
  0x00007fd75f175000 JavaThread "File watcher consumer" daemon [_thread_blocked, id=30211, stack(0x0000700009a83000,0x0000700009b83000)]
  0x00007fd75f19e400 JavaThread "jar transforms" [_thread_blocked, id=30467, stack(0x0000700009b86000,0x0000700009c86000)]
  0x00007fd75f1a3400 JavaThread "jar transforms Thread 2" [_thread_blocked, id=30723, stack(0x0000700009c89000,0x0000700009d89000)]
  0x00007fd75f17a000 JavaThread "jar transforms Thread 3" [_thread_blocked, id=35075, stack(0x0000700009d8c000,0x0000700009e8c000)]
  0x00007fd761956c00 JavaThread "jar transforms Thread 4" [_thread_blocked, id=34819, stack(0x0000700009e8f000,0x0000700009f8f000)]
  0x00007fd75decf000 JavaThread "Cache worker for checksums cache (/Users/lukeyan/MCreatorWorkspaces/UntamedHorizonsGemstone-Mangoes/.gradle/8.1.1/checksums)" [_thread_blocked, id=31491, stack(0x0000700009f92000,0x000070000a092000)]
  0x00007fd761954400 JavaThread "Cache worker for cache directory md-rule (/Users/lukeyan/.gradle/caches/8.1.1/md-rule)" [_thread_blocked, id=34051, stack(0x000070000a095000,0x000070000a195000)]
  0x00007fd75decf600 JavaThread "Cache worker for file content cache (/Users/lukeyan/.gradle/caches/8.1.1/fileContent)" [_thread_blocked, id=32003, stack(0x000070000a198000,0x000070000a298000)]
  0x00007fd75f859600 JavaThread "Cache worker for file hash cache (/Users/lukeyan/MCreatorWorkspaces/UntamedHorizonsGemstone-Mangoes/.gradle/8.1.1/fileHashes)" [_thread_blocked, id=32515, stack(0x000070000a29b000,0x000070000a39b000)]
  0x00007fd75f859c00 JavaThread "Cache worker for cache directory md-supplier (/Users/lukeyan/.gradle/caches/8.1.1/md-supplier)" [_thread_blocked, id=32771, stack(0x000070000a39e000,0x000070000a49e000)]
  0x00007fd75e36d600 JavaThread "Cache worker for execution history cache (/Users/lukeyan/.gradle/caches/8.1.1/executionHistory)" [_thread_blocked, id=33283, stack(0x000070000a4a1000,0x000070000a5a1000)]
  0x00007fd75e422200 JavaThread "Unconstrained build operations" [_thread_blocked, id=87043, stack(0x000070000a5a4000,0x000070000a6a4000)]
  0x00007fd761e12e00 JavaThread "Unconstrained build operations Thread 2" [_thread_blocked, id=86531, stack(0x000070000a6a7000,0x000070000a7a7000)]
  0x00007fd75e426800 JavaThread "Cache worker for dependencies-accessors (/Users/lukeyan/MCreatorWorkspaces/UntamedHorizonsGemstone-Mangoes/.gradle/8.1.1/dependencies-accessors)" [_thread_blocked, id=86019, stack(0x000070000a7aa000,0x000070000a8aa000)]
  0x00007fd75fb39200 JavaThread "Cache worker for Build Output Cleanup Cache (/Users/lukeyan/MCreatorWorkspaces/UntamedHorizonsGemstone-Mangoes/.gradle/buildOutputCleanup)" [_thread_blocked, id=43779, stack(0x000070000a8ad000,0x000070000a9ad000)]
  0x00007fd75d890200 JavaThread "Unconstrained build operations Thread 3" [_thread_blocked, id=44035, stack(0x000070000a9b0000,0x000070000aab0000)]
  0x00007fd75d93d600 JavaThread "Unconstrained build operations Thread 4" [_thread_blocked, id=85251, stack(0x000070000aab3000,0x000070000abb3000)]
  0x00007fd75dfdf600 JavaThread "Unconstrained build operations Thread 5" [_thread_blocked, id=44547, stack(0x000070000abb6000,0x000070000acb6000)]
  0x00007fd75e2b9800 JavaThread "Keep-Alive-Timer" daemon [_thread_blocked, id=84743, stack(0x000070000acb9000,0x000070000adb9000)]

Other Threads:
  0x00007fd75e807650 VMThread "VM Thread" [stack: 0x0000700007c26000,0x0000700007d26000] [id=14595]
  0x00007fd75e90c980 WatcherThread [stack: 0x000070000884d000,0x000070000894d000] [id=40707]
  0x00007fd75d7061b0 GCTaskThread "GC Thread#0" [stack: 0x0000700007717000,0x0000700007817000] [id=19971]
  0x00007fd75eb227e0 GCTaskThread "GC Thread#1" [stack: 0x0000700008950000,0x0000700008a50000] [id=40451]
  0x00007fd75eb22c60 GCTaskThread "GC Thread#2" [stack: 0x0000700008a53000,0x0000700008b53000] [id=25603]
  0x00007fd75e811c60 GCTaskThread "GC Thread#3" [stack: 0x0000700008b56000,0x0000700008c56000] [id=39939]
  0x00007fd75e904cb0 ConcurrentGCThread "G1 Main Marker" [stack: 0x000070000781a000,0x000070000791a000] [id=12547]
  0x00007fd75e905540 ConcurrentGCThread "G1 Conc#0" [stack: 0x000070000791d000,0x0000700007a1d000] [id=18947]
  0x00007fd75d706630 ConcurrentGCThread "G1 Refine#0" [stack: 0x0000700007a20000,0x0000700007b20000] [id=18691]
  0x00007fd75eb04200 ConcurrentGCThread "G1 Service" [stack: 0x0000700007b23000,0x0000700007c23000] [id=18435]

Threads with active compile tasks:
C2 CompilerThread0    42502 6154   !   4       java.net.URLClassLoader$1::run (81 bytes)

VM state: not at safepoint (normal execution)

VM Mutex/Monitor currently owned by a thread: None

Heap address: 0x0000000740000000, size: 3072 MB, Compressed Oops mode: Zero based, Oop shift amount: 3

CDS archive(s) not mapped
Compressed class space mapped at: 0x0000000800000000-0x0000000840000000, reserved size: 1073741824
Narrow klass base: 0x0000000800000000, Narrow klass shift: 0, Narrow klass range: 0x40000000

GC Precious Log:
 CPUs: 4 total, 4 available
 Memory: 16384M
 Large Page Support: Disabled
 NUMA Support: Disabled
 Compressed Oops: Enabled (Zero based)
 Heap Region Size: 2M
 Heap Min Capacity: 8M
 Heap Initial Capacity: 256M
 Heap Max Capacity: 3G
 Pre-touch: Disabled
 Parallel Workers: 4
 Concurrent Workers: 1
 Concurrent Refinement Workers: 4
 Periodic GC: Disabled

Heap:
 garbage-first heap   total 120832K, used 71147K [0x0000000740000000, 0x0000000800000000)
  region size 2048K, 6 young (12288K), 2 survivors (4096K)
 Metaspace       used 64248K, committed 64768K, reserved 1114112K
  class space    used 8455K, committed 8704K, reserved 1048576K

Heap Regions: E=young(eden), S=young(survivor), O=old, HS=humongous(starts), HC=humongous(continues), CS=collection set, F=free, OA=open archive, CA=closed archive, TAMS=top-at-mark-start (previous, next)
|   0|0x0000000740000000, 0x0000000740200000, 0x0000000740200000|100%| O|  |TAMS 0x0000000740200000, 0x0000000740000000| Untracked 
|   1|0x0000000740200000, 0x0000000740400000, 0x0000000740400000|100%|HS|  |TAMS 0x0000000740400000, 0x0000000740200000| Complete 
|   2|0x0000000740400000, 0x0000000740600000, 0x0000000740600000|100%|HC|  |TAMS 0x0000000740600000, 0x0000000740400000| Complete 
|   3|0x0000000740600000, 0x0000000740800000, 0x0000000740800000|100%| O|  |TAMS 0x0000000740800000, 0x0000000740600000| Untracked 
|   4|0x0000000740800000, 0x0000000740a00000, 0x0000000740a00000|100%|HS|  |TAMS 0x0000000740a00000, 0x0000000740800000| Complete 
|   5|0x0000000740a00000, 0x0000000740c00000, 0x0000000740c00000|100%| O|  |TAMS 0x0000000740c00000, 0x0000000740a00000| Untracked 
|   6|0x0000000740c00000, 0x0000000740e00000, 0x0000000740e00000|100%| O|  |TAMS 0x0000000740e00000, 0x0000000740c00000| Untracked 
|   7|0x0000000740e00000, 0x0000000741000000, 0x0000000741000000|100%| O|  |TAMS 0x0000000741000000, 0x0000000740e00000| Untracked 
|   8|0x0000000741000000, 0x0000000741200000, 0x0000000741200000|100%| O|  |TAMS 0x0000000741200000, 0x0000000741000000| Untracked 
|   9|0x0000000741200000, 0x0000000741400000, 0x0000000741400000|100%| O|  |TAMS 0x0000000741400000, 0x0000000741200000| Untracked 
|  10|0x0000000741400000, 0x0000000741600000, 0x0000000741600000|100%| O|  |TAMS 0x0000000741600000, 0x0000000741400000| Untracked 
|  11|0x0000000741600000, 0x0000000741800000, 0x0000000741800000|100%|HS|  |TAMS 0x0000000741800000, 0x0000000741600000| Complete 
|  12|0x0000000741800000, 0x0000000741a00000, 0x0000000741a00000|100%|HC|  |TAMS 0x0000000741a00000, 0x0000000741800000| Complete 
|  13|0x0000000741a00000, 0x0000000741c00000, 0x0000000741c00000|100%|HC|  |TAMS 0x0000000741c00000, 0x0000000741a00000| Complete 
|  14|0x0000000741c00000, 0x0000000741e00000, 0x0000000741e00000|100%|HS|  |TAMS 0x0000000741e00000, 0x0000000741c00000| Complete 
|  15|0x0000000741e00000, 0x0000000742000000, 0x0000000742000000|100%|HC|  |TAMS 0x0000000742000000, 0x0000000741e00000| Complete 
|  16|0x0000000742000000, 0x0000000742200000, 0x0000000742200000|100%| O|  |TAMS 0x0000000742200000, 0x0000000742000000| Untracked 
|  17|0x0000000742200000, 0x0000000742400000, 0x0000000742400000|100%| O|  |TAMS 0x0000000742400000, 0x0000000742200000| Untracked 
|  18|0x0000000742400000, 0x0000000742600000, 0x0000000742600000|100%| O|  |TAMS 0x0000000742600000, 0x0000000742400000| Untracked 
|  19|0x0000000742600000, 0x0000000742800000, 0x0000000742800000|100%| O|  |TAMS 0x0000000742800000, 0x0000000742600000| Untracked 
|  20|0x0000000742800000, 0x0000000742a00000, 0x0000000742a00000|100%| O|  |TAMS 0x0000000742a00000, 0x0000000742800000| Untracked 
|  21|0x0000000742a00000, 0x0000000742c00000, 0x0000000742c00000|100%| O|  |TAMS 0x0000000742c00000, 0x0000000742a00000| Untracked 
|  22|0x0000000742c00000, 0x0000000742e00000, 0x0000000742e00000|100%|HS|  |TAMS 0x0000000742e00000, 0x0000000742c00000| Complete 
|  23|0x0000000742e00000, 0x0000000743000000, 0x0000000743000000|100%|HC|  |TAMS 0x0000000743000000, 0x0000000742e00000| Complete 
|  24|0x0000000743000000, 0x0000000743200000, 0x0000000743200000|100%|HC|  |TAMS 0x0000000743200000, 0x0000000743000000| Complete 
|  25|0x0000000743200000, 0x0000000743400000, 0x0000000743400000|100%| O|  |TAMS 0x0000000743400000, 0x0000000743200000| Untracked 
|  26|0x0000000743400000, 0x0000000743400000, 0x0000000743600000|  0%| F|  |TAMS 0x0000000743400000, 0x0000000743400000| Untracked 
|  27|0x0000000743600000, 0x0000000743800000, 0x0000000743800000|100%| O|  |TAMS 0x0000000743800000, 0x0000000743600000| Untracked 
|  28|0x0000000743800000, 0x0000000743a00000, 0x0000000743a00000|100%| O|  |TAMS 0x0000000743a00000, 0x0000000743800000| Untracked 
|  29|0x0000000743a00000, 0x0000000743c00000, 0x0000000743c00000|100%| O|  |TAMS 0x0000000743c00000, 0x0000000743a00000| Complete 
|  30|0x0000000743c00000, 0x0000000743e00000, 0x0000000743e00000|100%| O|  |TAMS 0x0000000743e00000, 0x0000000743c00000| Untracked 
|  31|0x0000000743e00000, 0x0000000743f42400, 0x0000000744000000| 62%| O|  |TAMS 0x0000000743f42400, 0x0000000743e00000| Untracked 
|  32|0x0000000744000000, 0x0000000744000000, 0x0000000744200000|  0%| F|  |TAMS 0x0000000744000000, 0x0000000744000000| Untracked 
|  33|0x0000000744200000, 0x0000000744200000, 0x0000000744400000|  0%| F|  |TAMS 0x0000000744200000, 0x0000000744200000| Untracked 
|  34|0x0000000744400000, 0x0000000744400000, 0x0000000744600000|  0%| F|  |TAMS 0x0000000744400000, 0x0000000744400000| Untracked 
|  35|0x0000000744600000, 0x0000000744600000, 0x0000000744800000|  0%| F|  |TAMS 0x0000000744600000, 0x0000000744600000| Untracked 
|  36|0x0000000744800000, 0x0000000744800000, 0x0000000744a00000|  0%| F|  |TAMS 0x0000000744800000, 0x0000000744800000| Untracked 
|  37|0x0000000744a00000, 0x0000000744a00000, 0x0000000744c00000|  0%| F|  |TAMS 0x0000000744a00000, 0x0000000744a00000| Untracked 
|  38|0x0000000744c00000, 0x0000000744c00000, 0x0000000744e00000|  0%| F|  |TAMS 0x0000000744c00000, 0x0000000744c00000| Untracked 
|  39|0x0000000744e00000, 0x0000000744e38b40, 0x0000000745000000| 11%| S|CS|TAMS 0x0000000744e00000, 0x0000000744e00000| Complete 
|  40|0x0000000745000000, 0x0000000745200000, 0x0000000745200000|100%| S|CS|TAMS 0x0000000745000000, 0x0000000745000000| Complete 
|  41|0x0000000745200000, 0x0000000745200000, 0x0000000745400000|  0%| F|  |TAMS 0x0000000745200000, 0x0000000745200000| Untracked 
|  42|0x0000000745400000, 0x0000000745400000, 0x0000000745600000|  0%| F|  |TAMS 0x0000000745400000, 0x0000000745400000| Untracked 
|  43|0x0000000745600000, 0x0000000745600000, 0x0000000745800000|  0%| F|  |TAMS 0x0000000745600000, 0x0000000745600000| Untracked 
|  44|0x0000000745800000, 0x0000000745800000, 0x0000000745a00000|  0%| F|  |TAMS 0x0000000745800000, 0x0000000745800000| Untracked 
|  45|0x0000000745a00000, 0x0000000745a00000, 0x0000000745c00000|  0%| F|  |TAMS 0x0000000745a00000, 0x0000000745a00000| Untracked 
|  46|0x0000000745c00000, 0x0000000745c00000, 0x0000000745e00000|  0%| F|  |TAMS 0x0000000745c00000, 0x0000000745c00000| Untracked 
|  47|0x0000000745e00000, 0x0000000745e00000, 0x0000000746000000|  0%| F|  |TAMS 0x0000000745e00000, 0x0000000745e00000| Untracked 
|  48|0x0000000746000000, 0x0000000746000000, 0x0000000746200000|  0%| F|  |TAMS 0x0000000746000000, 0x0000000746000000| Untracked 
|  49|0x0000000746200000, 0x0000000746200000, 0x0000000746400000|  0%| F|  |TAMS 0x0000000746200000, 0x0000000746200000| Untracked 
|  50|0x0000000746400000, 0x0000000746400000, 0x0000000746600000|  0%| F|  |TAMS 0x0000000746400000, 0x0000000746400000| Untracked 
|  51|0x0000000746600000, 0x0000000746600000, 0x0000000746800000|  0%| F|  |TAMS 0x0000000746600000, 0x0000000746600000| Untracked 
|  52|0x0000000746800000, 0x0000000746800000, 0x0000000746a00000|  0%| F|  |TAMS 0x0000000746800000, 0x0000000746800000| Untracked 
|  96|0x000000074c000000, 0x000000074c000000, 0x000000074c200000|  0%| F|  |TAMS 0x000000074c000000, 0x000000074c000000| Untracked 
|  97|0x000000074c200000, 0x000000074c200000, 0x000000074c400000|  0%| F|  |TAMS 0x000000074c200000, 0x000000074c200000| Untracked 
|  98|0x000000074c400000, 0x000000074c600000, 0x000000074c600000|100%| E|  |TAMS 0x000000074c400000, 0x000000074c400000| Complete 
|  99|0x000000074c600000, 0x000000074c800000, 0x000000074c800000|100%| E|CS|TAMS 0x000000074c600000, 0x000000074c600000| Complete 
| 100|0x000000074c800000, 0x000000074ca00000, 0x000000074ca00000|100%| E|CS|TAMS 0x000000074c800000, 0x000000074c800000| Complete 
| 127|0x000000074fe00000, 0x0000000750000000, 0x0000000750000000|100%| E|CS|TAMS 0x000000074fe00000, 0x000000074fe00000| Complete 

Card table byte_map: [0x000000010ffd4000,0x00000001105d4000] _byte_map_base: 0x000000010c5d4000

Marking Bits (Prev, Next): (CMBitMap*) 0x00007fd75e01d410, (CMBitMap*) 0x00007fd75e01d450
 Prev Bits: [0x0000000119993000, 0x000000011c993000)
 Next Bits: [0x000000012d366000, 0x0000000130366000)

Polling page: 0x000000010f6eb000

Metaspace:

Usage:
  Non-class:     54.50 MB used.
      Class:      8.26 MB used.
       Both:     62.76 MB used.

Virtual space:
  Non-class space:       64.00 MB reserved,      54.81 MB ( 86%) committed,  1 nodes.
      Class space:        1.00 GB reserved,       8.50 MB ( <1%) committed,  1 nodes.
             Both:        1.06 GB reserved,      63.31 MB (  6%) committed. 

Chunk freelists:
   Non-Class:  8.97 MB
       Class:  7.38 MB
        Both:  16.34 MB

MaxMetaspaceSize: unlimited
CompressedClassSpaceSize: 1.00 GB
Initial GC threshold: 21.00 MB
Current GC threshold: 104.69 MB
CDS: off
MetaspaceReclaimPolicy: balanced
 - commit_granule_bytes: 65536.
 - commit_granule_words: 8192.
 - virtual_space_node_default_size: 8388608.
 - enlarge_chunks_in_place: 1.
 - new_chunks_are_fully_committed: 0.
 - uncommit_free_chunks: 1.
 - use_allocation_guard: 0.
 - handle_deallocations: 1.


Internal statistics:

num_allocs_failed_limit: 3.
num_arena_births: 642.
num_arena_deaths: 0.
num_vsnodes_births: 2.
num_vsnodes_deaths: 0.
num_space_committed: 1013.
num_space_uncommitted: 0.
num_chunks_returned_to_freelist: 3.
num_chunks_taken_from_freelist: 2655.
num_chunk_merges: 3.
num_chunk_splits: 1701.
num_chunks_enlarged: 1100.
num_inconsistent_stats: 0.

CodeHeap 'non-profiled nmethods': size=120032Kb used=2585Kb max_used=2585Kb free=117446Kb
 bounds [0x0000000125e2e000, 0x00000001260be000, 0x000000012d366000]
CodeHeap 'profiled nmethods': size=120028Kb used=12454Kb max_used=12454Kb free=107574Kb
 bounds [0x000000011e366000, 0x000000011ef96000, 0x000000012589d000]
CodeHeap 'non-nmethods': size=5700Kb used=2365Kb max_used=2408Kb free=3334Kb
 bounds [0x000000012589d000, 0x0000000125b0d000, 0x0000000125e2e000]
 total_blobs=7256 nmethods=6364 adapters=805
 compilation: enabled
              stopped_count=0, restarted_count=0
 full_count=0

Compilation events (20 events):
Event: 42.070 Thread 0x00007fd75f018000 6393       3       java.security.Provider$ServiceKey::<init> (39 bytes)
Event: 42.071 Thread 0x00007fd75f018000 nmethod 6393 0x000000011ef88d10 code [0x000000011ef88f00, 0x000000011ef89420]
Event: 42.071 Thread 0x00007fd75f018000 6394   !   2       java.security.MessageDigest::getDigestLength (30 bytes)
Event: 42.071 Thread 0x00007fd75f018000 nmethod 6394 0x000000011ef89610 code [0x000000011ef897e0, 0x000000011ef89a60]
Event: 42.071 Thread 0x00007fd75f018000 6395       2       java.security.MessageDigest$Delegate::engineGetDigestLength (8 bytes)
Event: 42.072 Thread 0x00007fd75f018000 nmethod 6395 0x000000011ef89c90 code [0x000000011ef89e40, 0x000000011ef89f60]
Event: 42.106 Thread 0x00007fd75f018000 6396   !   2       jdk.internal.misc.ScopedMemoryAccess::copyMemory (31 bytes)
Event: 42.106 Thread 0x00007fd75f018000 nmethod 6396 0x000000011ef8a010 code [0x000000011ef8a1e0, 0x000000011ef8a4d0]
Event: 42.107 Thread 0x00007fd75f018000 6397   !   2       jdk.internal.misc.ScopedMemoryAccess::copyMemoryInternal (60 bytes)
Event: 42.107 Thread 0x00007fd75f018000 nmethod 6397 0x000000011ef8a710 code [0x000000011ef8a8e0, 0x000000011ef8aae0]
Event: 42.107 Thread 0x00007fd75f018000 6398       2       java.nio.HeapByteBuffer::<init> (31 bytes)
Event: 42.107 Thread 0x00007fd75f018000 nmethod 6398 0x000000011ef8ac90 code [0x000000011ef8ae40, 0x000000011ef8afc0]
Event: 42.203 Thread 0x00007fd75f810c00 nmethod 6153 0x00000001260a6e90 code [0x00000001260a7420, 0x00000001260aedf8]
Event: 42.204 Thread 0x00007fd75f810c00 6303 %     4       java.util.Arrays::hashCode @ 16 (44 bytes)
Event: 42.209 Thread 0x00007fd75f810c00 nmethod 6303% 0x00000001260b2f90 code [0x00000001260b3120, 0x00000001260b3398]
Event: 42.209 Thread 0x00007fd75f810c00 6353       4       java.lang.StringLatin1::lastIndexOf (40 bytes)
Event: 42.211 Thread 0x00007fd75f810c00 nmethod 6353 0x00000001260b3490 code [0x00000001260b3620, 0x00000001260b3718]
Event: 42.211 Thread 0x00007fd75f810c00 6240       4       java.util.regex.Matcher::find (69 bytes)
Event: 42.240 Thread 0x00007fd75f810c00 nmethod 6240 0x00000001260b3810 code [0x00000001260b39e0, 0x00000001260b4108]
Event: 42.240 Thread 0x00007fd75f810c00 6154   !   4       java.net.URLClassLoader$1::run (81 bytes)

GC Heap History (20 events):
Event: 24.122 GC heap before
{Heap before GC invocations=15 (full 0):
 garbage-first heap   total 79872K, used 48830K [0x0000000740000000, 0x0000000800000000)
  region size 2048K, 7 young (14336K), 2 survivors (4096K)
 Metaspace       used 41111K, committed 41472K, reserved 1114112K
  class space    used 5435K, committed 5632K, reserved 1048576K
}
Event: 24.125 GC heap after
{Heap after GC invocations=16 (full 0):
 garbage-first heap   total 79872K, used 43388K [0x0000000740000000, 0x0000000800000000)
  region size 2048K, 1 young (2048K), 1 survivors (2048K)
 Metaspace       used 41111K, committed 41472K, reserved 1114112K
  class space    used 5435K, committed 5632K, reserved 1048576K
}
Event: 26.014 GC heap before
{Heap before GC invocations=17 (full 0):
 garbage-first heap   total 86016K, used 65916K [0x0000000740000000, 0x0000000800000000)
  region size 2048K, 10 young (20480K), 1 survivors (2048K)
 Metaspace       used 43443K, committed 43840K, reserved 1114112K
  class space    used 5695K, committed 5824K, reserved 1048576K
}
Event: 26.018 GC heap after
{Heap after GC invocations=18 (full 0):
 garbage-first heap   total 86016K, used 44100K [0x0000000740000000, 0x0000000800000000)
  region size 2048K, 2 young (4096K), 2 survivors (4096K)
 Metaspace       used 43443K, committed 43840K, reserved 1114112K
  class space    used 5695K, committed 5824K, reserved 1048576K
}
Event: 27.238 GC heap before
{Heap before GC invocations=18 (full 0):
 garbage-first heap   total 86016K, used 62532K [0x0000000740000000, 0x0000000800000000)
  region size 2048K, 12 young (24576K), 2 survivors (4096K)
 Metaspace       used 45198K, committed 45696K, reserved 1114112K
  class space    used 5963K, committed 6208K, reserved 1048576K
}
Event: 27.260 GC heap after
{Heap after GC invocations=19 (full 0):
 garbage-first heap   total 86016K, used 45734K [0x0000000740000000, 0x0000000800000000)
  region size 2048K, 2 young (4096K), 2 survivors (4096K)
 Metaspace       used 45198K, committed 45696K, reserved 1114112K
  class space    used 5963K, committed 6208K, reserved 1048576K
}
Event: 28.196 GC heap before
{Heap before GC invocations=20 (full 0):
 garbage-first heap   total 92160K, used 70310K [0x0000000740000000, 0x0000000800000000)
  region size 2048K, 12 young (24576K), 2 survivors (4096K)
 Metaspace       used 47043K, committed 47552K, reserved 1114112K
  class space    used 6090K, committed 6336K, reserved 1048576K
}
Event: 28.202 GC heap after
{Heap after GC invocations=21 (full 0):
 garbage-first heap   total 92160K, used 54102K [0x0000000740000000, 0x0000000800000000)
  region size 2048K, 2 young (4096K), 2 survivors (4096K)
 Metaspace       used 47043K, committed 47552K, reserved 1114112K
  class space    used 6090K, committed 6336K, reserved 1048576K
}
Event: 29.428 GC heap before
{Heap before GC invocations=21 (full 0):
 garbage-first heap   total 92160K, used 72534K [0x0000000740000000, 0x0000000800000000)
  region size 2048K, 11 young (22528K), 2 survivors (4096K)
 Metaspace       used 48308K, committed 48768K, reserved 1114112K
  class space    used 6295K, committed 6528K, reserved 1048576K
}
Event: 29.436 GC heap after
{Heap after GC invocations=22 (full 0):
 garbage-first heap   total 110592K, used 55426K [0x0000000740000000, 0x0000000800000000)
  region size 2048K, 1 young (2048K), 1 survivors (2048K)
 Metaspace       used 48308K, committed 48768K, reserved 1114112K
  class space    used 6295K, committed 6528K, reserved 1048576K
}
Event: 31.865 GC heap before
{Heap before GC invocations=23 (full 0):
 garbage-first heap   total 110592K, used 84098K [0x0000000740000000, 0x0000000800000000)
  region size 2048K, 16 young (32768K), 1 survivors (2048K)
 Metaspace       used 54698K, committed 55168K, reserved 1114112K
  class space    used 7115K, committed 7360K, reserved 1048576K
}
Event: 31.873 GC heap after
{Heap after GC invocations=24 (full 0):
 garbage-first heap   total 110592K, used 58720K [0x0000000740000000, 0x0000000800000000)
  region size 2048K, 2 young (4096K), 2 survivors (4096K)
 Metaspace       used 54698K, committed 55168K, reserved 1114112K
  class space    used 7115K, committed 7360K, reserved 1048576K
}
Event: 34.643 GC heap before
{Heap before GC invocations=24 (full 0):
 garbage-first heap   total 110592K, used 87392K [0x0000000740000000, 0x0000000800000000)
  region size 2048K, 16 young (32768K), 2 survivors (4096K)
 Metaspace       used 57535K, committed 58048K, reserved 1114112K
  class space    used 7571K, committed 7808K, reserved 1048576K
}
Event: 34.652 GC heap after
{Heap after GC invocations=25 (full 0):
 garbage-first heap   total 110592K, used 61292K [0x0000000740000000, 0x0000000800000000)
  region size 2048K, 2 young (4096K), 2 survivors (4096K)
 Metaspace       used 57535K, committed 58048K, reserved 1114112K
  class space    used 7571K, committed 7808K, reserved 1048576K
}
Event: 38.741 GC heap before
{Heap before GC invocations=26 (full 0):
 garbage-first heap   total 110592K, used 87916K [0x0000000740000000, 0x0000000800000000)
  region size 2048K, 15 young (30720K), 2 survivors (4096K)
 Metaspace       used 61518K, committed 62016K, reserved 1114112K
  class space    used 8105K, committed 8320K, reserved 1048576K
}
Event: 38.747 GC heap after
{Heap after GC invocations=27 (full 0):
 garbage-first heap   total 110592K, used 63267K [0x0000000740000000, 0x0000000800000000)
  region size 2048K, 1 young (2048K), 1 survivors (2048K)
 Metaspace       used 61518K, committed 62016K, reserved 1114112K
  class space    used 8105K, committed 8320K, reserved 1048576K
}
Event: 39.730 GC heap before
{Heap before GC invocations=27 (full 0):
 garbage-first heap   total 110592K, used 65315K [0x0000000740000000, 0x0000000800000000)
  region size 2048K, 2 young (4096K), 1 survivors (2048K)
 Metaspace       used 61704K, committed 62208K, reserved 1114112K
  class space    used 8116K, committed 8320K, reserved 1048576K
}
Event: 39.736 GC heap after
{Heap after GC invocations=28 (full 0):
 garbage-first heap   total 110592K, used 63214K [0x0000000740000000, 0x0000000800000000)
  region size 2048K, 1 young (2048K), 1 survivors (2048K)
 Metaspace       used 61704K, committed 62208K, reserved 1114112K
  class space    used 8116K, committed 8320K, reserved 1048576K
}
Event: 41.415 GC heap before
{Heap before GC invocations=28 (full 0):
 garbage-first heap   total 110592K, used 87790K [0x0000000740000000, 0x0000000800000000)
  region size 2048K, 13 young (26624K), 1 survivors (2048K)
 Metaspace       used 63321K, committed 63872K, reserved 1114112K
  class space    used 8358K, committed 8576K, reserved 1048576K
}
Event: 41.436 GC heap after
{Heap after GC invocations=29 (full 0):
 garbage-first heap   total 110592K, used 65003K [0x0000000740000000, 0x0000000800000000)
  region size 2048K, 2 young (4096K), 2 survivors (4096K)
 Metaspace       used 63321K, committed 63872K, reserved 1114112K
  class space    used 8358K, committed 8576K, reserved 1048576K
}

Dll operation events (13 events):
Event: 0.082 Loaded shared library /Library/Java/JavaVirtualMachines/temurin-17.jdk/Contents/Home/lib/libjava.dylib
Event: 0.645 Loaded shared library /Library/Java/JavaVirtualMachines/temurin-17.jdk/Contents/Home/lib/libzip.dylib
Event: 0.651 Loaded shared library /Library/Java/JavaVirtualMachines/temurin-17.jdk/Contents/Home/lib/libinstrument.dylib
Event: 0.819 Loaded shared library /Library/Java/JavaVirtualMachines/temurin-17.jdk/Contents/Home/lib/libnio.dylib
Event: 0.846 Loaded shared library /Library/Java/JavaVirtualMachines/temurin-17.jdk/Contents/Home/lib/libzip.dylib
Event: 1.353 Loaded shared library /Library/Java/JavaVirtualMachines/temurin-17.jdk/Contents/Home/lib/libjimage.dylib
Event: 1.693 Loaded shared library /Library/Java/JavaVirtualMachines/temurin-17.jdk/Contents/Home/lib/libverify.dylib
Event: 2.589 Loaded shared library /Library/Java/JavaVirtualMachines/temurin-17.jdk/Contents/Home/lib/libnet.dylib
Event: 2.612 Loaded shared library /Users/lukeyan/.gradle/native/68d5fa5c4cc2d200863cafc0d521ce42e7d3e7ee720ec0a83991735586a16f82/osx-amd64/libnative-platform.dylib
Event: 2.641 Loaded shared library /Users/lukeyan/.gradle/native/e376f236ea51e6404a007f0833ffe2c6e607c4080706a723a18a27aeea778392/osx-amd64/libnative-platform-file-events.dylib
Event: 6.072 Loaded shared library /Library/Java/JavaVirtualMachines/temurin-17.jdk/Contents/Home/lib/libmanagement.dylib
Event: 6.125 Loaded shared library /Library/Java/JavaVirtualMachines/temurin-17.jdk/Contents/Home/lib/libmanagement_ext.dylib
Event: 6.988 Loaded shared library /Library/Java/JavaVirtualMachines/temurin-17.jdk/Contents/Home/lib/libextnet.dylib

Deoptimization events (20 events):
Event: 41.734 Thread 0x00007fd75fe35a00 Uncommon trap: trap_request=0xffffffde fr.pc=0x0000000125f16b58 relative=0x00000000000014b8
Event: 41.734 Thread 0x00007fd75fe35a00 Uncommon trap: reason=class_check action=maybe_recompile pc=0x0000000125f16b58 method=java.util.zip.InflaterInputStream.read([BII)I @ 100 c2
Event: 41.734 Thread 0x00007fd75fe35a00 DEOPT PACKING pc=0x0000000125f16b58 sp=0x0000700009362500
Event: 41.734 Thread 0x00007fd75fe35a00 DEOPT UNPACKING pc=0x00000001258f3699 sp=0x0000700009362550 mode 2
Event: 41.734 Thread 0x00007fd75fe35a00 Uncommon trap: trap_request=0xffffffde fr.pc=0x0000000125f16b58 relative=0x00000000000014b8
Event: 41.734 Thread 0x00007fd75fe35a00 Uncommon trap: reason=class_check action=maybe_recompile pc=0x0000000125f16b58 method=java.util.zip.InflaterInputStream.read([BII)I @ 100 c2
Event: 41.734 Thread 0x00007fd75fe35a00 DEOPT PACKING pc=0x0000000125f16b58 sp=0x0000700009362500
Event: 41.734 Thread 0x00007fd75fe35a00 DEOPT UNPACKING pc=0x00000001258f3699 sp=0x0000700009362550 mode 2
Event: 41.734 Thread 0x00007fd75fe35a00 Uncommon trap: trap_request=0xffffffde fr.pc=0x0000000125f16b58 relative=0x00000000000014b8
Event: 41.734 Thread 0x00007fd75fe35a00 Uncommon trap: reason=class_check action=maybe_recompile pc=0x0000000125f16b58 method=java.util.zip.InflaterInputStream.read([BII)I @ 100 c2
Event: 41.734 Thread 0x00007fd75fe35a00 DEOPT PACKING pc=0x0000000125f16b58 sp=0x0000700009362500
Event: 41.734 Thread 0x00007fd75fe35a00 DEOPT UNPACKING pc=0x00000001258f3699 sp=0x0000700009362550 mode 2
Event: 41.757 Thread 0x00007fd75fe35a00 Uncommon trap: trap_request=0xffffff6e fr.pc=0x0000000125e43664 relative=0x0000000000000144
Event: 41.757 Thread 0x00007fd75fe35a00 Uncommon trap: reason=loop_limit_check action=maybe_recompile pc=0x0000000125e43664 method=java.lang.StringLatin1.lastIndexOf([BII)I @ 19 c2
Event: 41.757 Thread 0x00007fd75fe35a00 DEOPT PACKING pc=0x0000000125e43664 sp=0x0000700009362760
Event: 41.757 Thread 0x00007fd75fe35a00 DEOPT UNPACKING pc=0x00000001258f3699 sp=0x0000700009362700 mode 2
Event: 41.947 Thread 0x00007fd75fe35a00 Uncommon trap: trap_request=0xffffff45 fr.pc=0x0000000125fe9500 relative=0x0000000000000740
Event: 41.947 Thread 0x00007fd75fe35a00 Uncommon trap: reason=unstable_if action=reinterpret pc=0x0000000125fe9500 method=java.lang.Integer.stringSize(I)I @ 3 c2
Event: 41.947 Thread 0x00007fd75fe35a00 DEOPT PACKING pc=0x0000000125fe9500 sp=0x0000700009363220
Event: 41.947 Thread 0x00007fd75fe35a00 DEOPT UNPACKING pc=0x00000001258f3699 sp=0x0000700009363170 mode 2

Classes unloaded (0 events):
No events

Classes redefined (0 events):
No events

Internal exceptions (20 events):
Event: 38.440 Thread 0x00007fd75fe35a00 Exception <a 'java/lang/NoSuchMethodError'{0x000000074520f7a8}: 'java.lang.Object java.lang.invoke.DirectMethodHandle$Holder.invokeStatic(java.lang.Object, java.lang.Object, java.lang.Object, java.lang.Object, java.lang.Object, java.lang.Object, java.lang.Object, java.lang.Object, java.lang.Object, java.lang.Object, java.lang.Object, java.lang.Object, java.lang.Object, java.lang.Object, java.lang.Object, java.lang.Object, java.lang.Object, java.lang.Object, java.lang.Object, java.lang.Object, java.lang.Obj
Event: 38.446 Thread 0x00007fd75fe35a00 Exception <a 'java/lang/NoSuchMethodError'{0x000000074523e4a8}: 'java.lang.Object java.lang.invoke.DirectMethodHandle$Holder.invokeStatic(java.lang.Object, java.lang.Object, java.lang.Object, java.lang.Object, java.lang.Object, java.lang.Object, java.lang.Object, java.lang.Object, java.lang.Object, java.lang.Object, java.lang.Object, java.lang.Object, java.lang.Object, java.lang.Object, java.lang.Object, java.lang.Object, java.lang.Object, java.lang.Object, java.lang.Object, java.lang.Object, java.lang.Obj
Event: 38.453 Thread 0x00007fd75fe35a00 Exception <a 'java/lang/NoSuchMethodError'{0x000000074526eaf8}: 'java.lang.Object java.lang.invoke.DirectMethodHandle$Holder.invokeStatic(java.lang.Object, java.lang.Object, java.lang.Object, java.lang.Object, java.lang.Object, java.lang.Object, java.lang.Object, java.lang.Object, java.lang.Object, java.lang.Object, java.lang.Object, java.lang.Object, java.lang.Object, java.lang.Object, java.lang.Object, java.lang.Object, java.lang.Object, java.lang.Object, java.lang.Object, java.lang.Object, java.lang.Obj
Event: 41.120 Thread 0x00007fd75fe35a00 Exception <a 'java/lang/ClassNotFoundException'{0x0000000745ad15d8}: org/gradle/plugins/ide/idea/IdeaPlugin$InjectBeanInfo> (0x0000000745ad15d8) 
thrown [src/hotspot/share/classfile/systemDictionary.cpp, line 256]
Event: 41.124 Thread 0x00007fd75fe35a00 Exception <a 'java/lang/ClassNotFoundException'{0x0000000745ae2f50}: org/gradle/plugins/ide/idea/IdeaPluginBeanInfo> (0x0000000745ae2f50) 
thrown [src/hotspot/share/classfile/systemDictionary.cpp, line 256]
Event: 41.125 Thread 0x00007fd75fe35a00 Exception <a 'java/lang/ClassNotFoundException'{0x0000000745af4c90}: org/gradle/plugins/ide/internal/IdePluginBeanInfo> (0x0000000745af4c90) 
thrown [src/hotspot/share/classfile/systemDictionary.cpp, line 256]
Event: 41.125 Thread 0x00007fd75fe35a00 Exception <a 'java/lang/ClassNotFoundException'{0x0000000745b06790}: org/gradle/plugins/ide/internal/IdePluginCustomizer> (0x0000000745b06790) 
thrown [src/hotspot/share/classfile/systemDictionary.cpp, line 256]
Event: 41.127 Thread 0x00007fd75fe35a00 Exception <a 'java/lang/ClassNotFoundException'{0x0000000745b22620}: org/gradle/plugins/ide/idea/IdeaPluginCustomizer> (0x0000000745b22620) 
thrown [src/hotspot/share/classfile/systemDictionary.cpp, line 256]
Event: 41.128 Thread 0x00007fd75fe35a00 Exception <a 'java/lang/ClassNotFoundException'{0x0000000745b3b1e8}: org/gradle/plugins/ide/idea/IdeaPlugin$InjectCustomizer> (0x0000000745b3b1e8) 
thrown [src/hotspot/share/classfile/systemDictionary.cpp, line 256]
Event: 41.151 Thread 0x00007fd75fe35a00 Exception <a 'java/lang/ClassNotFoundException'{0x0000000745bd2078}: org/gradle/plugins/ide/idea/model/IdeaModel_DecoratedBeanInfo> (0x0000000745bd2078) 
thrown [src/hotspot/share/classfile/systemDictionary.cpp, line 256]
Event: 41.151 Thread 0x00007fd75fe35a00 Exception <a 'java/lang/ClassNotFoundException'{0x0000000745be5838}: org/gradle/plugins/ide/idea/model/IdeaModelBeanInfo> (0x0000000745be5838) 
thrown [src/hotspot/share/classfile/systemDictionary.cpp, line 256]
Event: 41.152 Thread 0x00007fd75fe35a00 Exception <a 'java/lang/ClassNotFoundException'{0x0000000745bf8d60}: org/gradle/plugins/ide/idea/model/IdeaModelCustomizer> (0x0000000745bf8d60) 
thrown [src/hotspot/share/classfile/systemDictionary.cpp, line 256]
Event: 41.155 Thread 0x00007fd75fe35a00 Exception <a 'java/lang/ClassNotFoundException'{0x000000074581c568}: org/gradle/plugins/ide/idea/model/IdeaModel_DecoratedCustomizer> (0x000000074581c568) 
thrown [src/hotspot/share/classfile/systemDictionary.cpp, line 256]
Event: 41.161 Thread 0x00007fd75fe35a00 Exception <a 'java/lang/ClassNotFoundException'{0x0000000745895d68}: org/gradle/plugins/ide/idea/model/IdeaModule_DecoratedBeanInfo> (0x0000000745895d68) 
thrown [src/hotspot/share/classfile/systemDictionary.cpp, line 256]
Event: 41.162 Thread 0x00007fd75fe35a00 Exception <a 'java/lang/ClassNotFoundException'{0x00000007458a9020}: org/gradle/plugins/ide/idea/model/IdeaModuleBeanInfo> (0x00000007458a9020) 
thrown [src/hotspot/share/classfile/systemDictionary.cpp, line 256]
Event: 41.162 Thread 0x00007fd75fe35a00 Exception <a 'java/lang/ClassNotFoundException'{0x00000007458bc568}: org/gradle/plugins/ide/idea/model/IdeaModuleCustomizer> (0x00000007458bc568) 
thrown [src/hotspot/share/classfile/systemDictionary.cpp, line 256]
Event: 41.168 Thread 0x00007fd75fe35a00 Exception <a 'java/lang/ClassNotFoundException'{0x0000000745910d70}: org/gradle/plugins/ide/idea/model/IdeaModule_DecoratedCustomizer> (0x0000000745910d70) 
thrown [src/hotspot/share/classfile/systemDictionary.cpp, line 256]
Event: 41.285 Thread 0x00007fd75fe35a00 Exception <a 'java/lang/NoSuchMethodError'{0x000000074576f570}: 'void java.lang.invoke.DirectMethodHandle$Holder.invokeSpecial(java.lang.Object, java.lang.Object, java.lang.Object, java.lang.Object, java.lang.Object, java.lang.Object, java.lang.Object, java.lang.Object, java.lang.Object, java.lang.Object)'> (0x000000074576f570) 
thrown [src/hotspot/share/interpreter/linkResolver.cpp, line 759]
Event: 41.285 Thread 0x00007fd75fe35a00 Exception <a 'java/lang/NoSuchMethodError'{0x000000074577bcf0}: 'java.lang.Object java.lang.invoke.DirectMethodHandle$Holder.newInvokeSpecial(java.lang.Object, java.lang.Object, java.lang.Object, java.lang.Object, java.lang.Object, java.lang.Object, java.lang.Object, java.lang.Object, java.lang.Object)'> (0x000000074577bcf0) 
thrown [src/hotspot/share/interpreter/linkResolver.cpp, line 759]
Event: 41.286 Thread 0x00007fd75fe35a00 Exception <a 'java/lang/NoSuchMethodError'{0x0000000745781578}: 'java.lang.Object java.lang.invoke.Invokers$Holder.linkToTargetMethod(java.lang.Object, java.lang.Object, java.lang.Object, java.lang.Object, java.lang.Object, java.lang.Object, java.lang.Object, java.lang.Object, java.lang.Object)'> (0x0000000745781578) 
thrown [src/hotspot/share/interpreter/linkResolver.cpp, line 759]

VM Operations (20 events):
Event: 36.858 Executing VM operation: HandshakeAllThreads
Event: 36.858 Executing VM operation: HandshakeAllThreads done
Event: 37.865 Executing VM operation: Cleanup
Event: 37.878 Executing VM operation: Cleanup done
Event: 38.278 Executing VM operation: HandshakeAllThreads
Event: 38.278 Executing VM operation: HandshakeAllThreads done
Event: 38.741 Executing VM operation: G1CollectForAllocation
Event: 38.747 Executing VM operation: G1CollectForAllocation done
Event: 39.730 Executing VM operation: G1CollectForAllocation
Event: 39.738 Executing VM operation: G1CollectForAllocation done
Event: 40.741 Executing VM operation: Cleanup
Event: 40.752 Executing VM operation: Cleanup done
Event: 41.414 Executing VM operation: G1CollectForAllocation
Event: 41.446 Executing VM operation: G1CollectForAllocation done
Event: 41.693 Executing VM operation: G1PauseRemark
Event: 41.710 Executing VM operation: G1PauseRemark done
Event: 41.822 Executing VM operation: G1PauseCleanup
Event: 41.822 Executing VM operation: G1PauseCleanup done
Event: 41.946 Executing VM operation: HandshakeAllThreads
Event: 41.946 Executing VM operation: HandshakeAllThreads done

Events (20 events):
Event: 41.947 loading class sun/net/www/protocol/http/EmptyInputStream
Event: 41.948 loading class sun/net/www/protocol/http/EmptyInputStream done
Event: 41.948 loading class sun/net/www/protocol/http/HttpURLConnection$HttpInputStream
Event: 41.949 loading class sun/net/www/protocol/http/HttpURLConnection$HttpInputStream done
Event: 42.025 loading class sun/security/ssl/ECDHKeyExchange$ECDHECredentials
Event: 42.026 loading class sun/security/ssl/ECDHKeyExchange$ECDHECredentials done
Event: 42.026 loading class java/security/spec/ECPublicKeySpec
Event: 42.026 loading class java/security/spec/ECPublicKeySpec done
Event: 42.037 loading class sun/security/x509/OCSPNoCheckExtension
Event: 42.038 loading class sun/security/x509/OCSPNoCheckExtension done
Event: 42.047 loading class sun/security/rsa/RSASignature$SHA384withRSA
Event: 42.047 loading class sun/security/rsa/RSASignature$SHA384withRSA done
Event: 42.072 Thread 0x00007fd75e09e000 Thread added: 0x00007fd75e09e000
Event: 42.072 Protecting memory [0x000070000adbc000,0x000070000adc0000] with protection modes 0
Event: 42.072 Protecting memory [0x000070000adbc000,0x000070000adc0000] with protection modes 3
Event: 42.072 Thread 0x00007fd75e09e000 Thread exited: 0x00007fd75e09e000
Event: 42.384 loading class sun/net/www/protocol/http/HttpURLConnection$10
Event: 42.384 loading class sun/net/www/protocol/http/HttpURLConnection$10 done
Event: 42.388 loading class java/util/zip/ZipOutputStream
Event: 42.389 loading class java/util/zip/ZipOutputStream done


Dynamic libraries:
0x000000010f6f2000 	/Library/Java/JavaVirtualMachines/temurin-17.jdk/Contents/Home/lib/libjli.dylib
0x00007ff83017e000 	/System/Library/Frameworks/Cocoa.framework/Versions/A/Cocoa
0x00007ff81bdd0000 	/System/Library/Frameworks/AppKit.framework/Versions/C/AppKit
0x00007ff81f2e7000 	/System/Library/Frameworks/CoreData.framework/Versions/A/CoreData
0x00007ff81a1d3000 	/System/Library/Frameworks/Foundation.framework/Versions/C/Foundation
0x00007ff82410a000 	/usr/lib/libSystem.B.dylib
0x00007ff81cc60000 	/System/Library/PrivateFrameworks/UIFoundation.framework/Versions/A/UIFoundation
0x00007ff82a07f000 	/System/Library/PrivateFrameworks/RemoteViewServices.framework/Versions/A/RemoteViewServices
0x00007ff82235e000 	/System/Library/PrivateFrameworks/XCTTargetBootstrap.framework/Versions/A/XCTTargetBootstrap
0x00007ff825f15000 	/System/Library/PrivateFrameworks/InternationalSupport.framework/Versions/A/InternationalSupport
0x00007ff825f9f000 	/System/Library/PrivateFrameworks/UserActivity.framework/Versions/A/UserActivity
0x00007ff8252f1000 	/usr/lib/libspindump.dylib
0x00007ff81ceef000 	/System/Library/Frameworks/UniformTypeIdentifiers.framework/Versions/A/UniformTypeIdentifiers
0x00007ff820a82000 	/usr/lib/libapp_launch_measurement.dylib
0x00007ff81fcb9000 	/System/Library/PrivateFrameworks/CoreAnalytics.framework/Versions/A/CoreAnalytics
0x00007ff820a85000 	/System/Library/PrivateFrameworks/CoreAutoLayout.framework/Versions/A/CoreAutoLayout
0x00007ff821cb5000 	/System/Library/Frameworks/Metal.framework/Versions/A/Metal
0x00007ff8229e4000 	/usr/lib/liblangid.dylib
0x00007ff822363000 	/System/Library/PrivateFrameworks/CoreSVG.framework/Versions/A/CoreSVG
0x00007ff81e2db000 	/System/Library/PrivateFrameworks/SkyLight.framework/Versions/A/SkyLight
0x00007ff81e67a000 	/System/Library/Frameworks/CoreGraphics.framework/Versions/A/CoreGraphics
0x00007ff82a73f000 	/System/Library/Frameworks/Accelerate.framework/Versions/A/Accelerate
0x00007ff824d70000 	/System/Library/PrivateFrameworks/IconServices.framework/Versions/A/IconServices
0x00007ff821c9a000 	/System/Library/Frameworks/IOSurface.framework/Versions/A/IOSurface
0x00007ff81fce7000 	/usr/lib/libDiagnosticMessagesClient.dylib
0x00007ff82402a000 	/usr/lib/libz.1.dylib
0x00007ff82de22000 	/System/Library/Frameworks/ApplicationServices.framework/Versions/A/ApplicationServices
0x00007ff82234a000 	/System/Library/PrivateFrameworks/DFRFoundation.framework/Versions/A/DFRFoundation
0x00007ff81b6b8000 	/usr/lib/libicucore.A.dylib
0x00007ff826d0b000 	/System/Library/Frameworks/AudioToolbox.framework/Versions/A/AudioToolbox
0x00007ff825f21000 	/System/Library/PrivateFrameworks/DataDetectorsCore.framework/Versions/A/DataDetectorsCore
0x00007ff92241e000 	/System/Library/PrivateFrameworks/TextInput.framework/Versions/A/TextInput
0x00007ff81e25e000 	/usr/lib/libMobileGestalt.dylib
0x00007ff822056000 	/System/Library/Frameworks/Carbon.framework/Versions/A/Frameworks/HIToolbox.framework/Versions/A/HIToolbox
0x00007ff820484000 	/System/Library/Frameworks/QuartzCore.framework/Versions/A/QuartzCore
0x00007ff81b35d000 	/System/Library/Frameworks/Security.framework/Versions/A/Security
0x00007ff82a0b7000 	/System/Library/Frameworks/Carbon.framework/Versions/A/Frameworks/SpeechRecognition.framework/Versions/A/SpeechRecognition
0x00007ff8207e2000 	/System/Library/PrivateFrameworks/CoreUI.framework/Versions/A/CoreUI
0x00007ff81ac27000 	/System/Library/Frameworks/CoreAudio.framework/Versions/A/CoreAudio
0x00007ff81fdd6000 	/System/Library/Frameworks/DiskArbitration.framework/Versions/A/DiskArbitration
0x00007ff8256e1000 	/System/Library/PrivateFrameworks/MultitouchSupport.framework/Versions/A/MultitouchSupport
0x00007ff81e25d000 	/usr/lib/libenergytrace.dylib
0x00007ff81bcbc000 	/System/Library/Frameworks/IOKit.framework/Versions/A/IOKit
0x00007ff82a4a7000 	/System/Library/Frameworks/CoreServices.framework/Versions/A/CoreServices
0x00007ff820a1c000 	/System/Library/PrivateFrameworks/PerformanceAnalysis.framework/Versions/A/PerformanceAnalysis
0x00007ffa320fd000 	/System/Library/Frameworks/OpenGL.framework/Versions/A/OpenGL
0x00007ff823646000 	/System/Library/PrivateFrameworks/MobileKeyBag.framework/Versions/A/MobileKeyBag
0x00007ff81919d000 	/usr/lib/libobjc.A.dylib
0x00007ff81ed46000 	/System/Library/Frameworks/ColorSync.framework/Versions/A/ColorSync
0x00007ff819357000 	/System/Library/Frameworks/CoreFoundation.framework/Versions/A/CoreFoundation
0x00007ff8225da000 	/System/Library/Frameworks/CoreImage.framework/Versions/A/CoreImage
0x00007ff81aa3b000 	/System/Library/Frameworks/CoreText.framework/Versions/A/CoreText
0x00007ff822393000 	/System/Library/Frameworks/ImageIO.framework/Versions/A/ImageIO
0x00007ff824110000 	/System/Library/PrivateFrameworks/SoftLinking.framework/Versions/A/SoftLinking
0x00007ff820acd000 	/usr/lib/libxml2.2.dylib
0x00007ff819263000 	/usr/lib/libc++.1.dylib
0x00007ff824394000 	/usr/lib/libcompression.dylib
0x00007ff825e48000 	/System/Library/PrivateFrameworks/TextureIO.framework/Versions/A/TextureIO
0x00007ff824a82000 	/usr/lib/libate.dylib
0x00007ff824105000 	/usr/lib/system/libcache.dylib
0x00007ff8240c1000 	/usr/lib/system/libcommonCrypto.dylib
0x00007ff8240ea000 	/usr/lib/system/libcompiler_rt.dylib
0x00007ff8240e0000 	/usr/lib/system/libcopyfile.dylib
0x00007ff819098000 	/usr/lib/system/libcorecrypto.dylib
0x00007ff819156000 	/usr/lib/system/libdispatch.dylib
0x00007ff819316000 	/usr/lib/system/libdyld.dylib
0x00007ff8240fc000 	/usr/lib/system/libkeymgr.dylib
0x00007ff82409f000 	/usr/lib/system/libmacho.dylib
0x00007ff823720000 	/usr/lib/system/libquarantine.dylib
0x00007ff8240fa000 	/usr/lib/system/libremovefile.dylib
0x00007ff81e2ab000 	/usr/lib/system/libsystem_asl.dylib
0x00007ff819041000 	/usr/lib/system/libsystem_blocks.dylib
0x00007ff8191da000 	/usr/lib/system/libsystem_c.dylib
0x00007ff8240f2000 	/usr/lib/system/libsystem_collections.dylib
0x00007ff8229d4000 	/usr/lib/system/libsystem_configuration.dylib
0x00007ff821c7d000 	/usr/lib/system/libsystem_containermanager.dylib
0x00007ff823dd7000 	/usr/lib/system/libsystem_coreservices.dylib
0x00007ff81b94c000 	/usr/lib/system/libsystem_darwin.dylib
0x00007ff8240fd000 	/usr/lib/system/libsystem_dnssd.dylib
0x00007ff8191d7000 	/usr/lib/system/libsystem_featureflags.dylib
0x00007ff81932c000 	/usr/lib/system/libsystem_info.dylib
0x00007ff82403d000 	/usr/lib/system/libsystem_m.dylib
0x00007ff81912a000 	/usr/lib/system/libsystem_malloc.dylib
0x00007ff81e246000 	/usr/lib/system/libsystem_networkextension.dylib
0x00007ff81bd72000 	/usr/lib/system/libsystem_notify.dylib
0x00007ff82a37c000 	/usr/lib/system/libsystem_product_info_filter.dylib
0x00007ff8229d8000 	/usr/lib/system/libsystem_sandbox.dylib
0x00007ff8240f7000 	/usr/lib/system/libsystem_secinit.dylib
0x00007ff8192d2000 	/usr/lib/system/libsystem_kernel.dylib
0x00007ff819322000 	/usr/lib/system/libsystem_platform.dylib
0x00007ff81930a000 	/usr/lib/system/libsystem_pthread.dylib
0x00007ff81faf9000 	/usr/lib/system/libsystem_symptoms.dylib
0x00007ff81907f000 	/usr/lib/system/libsystem_trace.dylib
0x00007ff8240cd000 	/usr/lib/system/libunwind.dylib
0x00007ff819043000 	/usr/lib/system/libxpc.dylib
0x00007ff8192bc000 	/usr/lib/libc++abi.dylib
0x00007ff8240d8000 	/usr/lib/liboah.dylib
0x00007ff82485e000 	/usr/lib/liblzma.5.dylib
0x00007ff819ee5000 	/System/Library/Frameworks/SystemConfiguration.framework/Versions/A/SystemConfiguration
0x00007ff82410c000 	/usr/lib/libfakelink.dylib
0x00007ff81ddb6000 	/System/Library/Frameworks/CFNetwork.framework/Versions/A/CFNetwork
0x00007ff82424d000 	/usr/lib/libarchive.2.dylib
0x00007ff8229e0000 	/System/Library/PrivateFrameworks/AppleSystemInfo.framework/Versions/A/AppleSystemInfo
0x00007ff823747000 	/usr/lib/libbsm.0.dylib
0x00007ff81d3c5000 	/usr/lib/libnetwork.dylib
0x00007ff8240a5000 	/usr/lib/system/libkxld.dylib
0x00007ff82337a000 	/System/Library/PrivateFrameworks/IOMobileFramebuffer.framework/Versions/A/IOMobileFramebuffer
0x00007ffb31ad4000 	/usr/lib/libCoreEntitlements.dylib
0x00007ff823db9000 	/System/Library/PrivateFrameworks/AppleFSCompression.framework/Versions/A/AppleFSCompression
0x00007ff82372f000 	/usr/lib/libcoretls.dylib
0x00007ff824878000 	/usr/lib/libcoretls_cfhelpers.dylib
0x00007ff82438f000 	/usr/lib/libpam.2.dylib
0x00007ff81f718000 	/usr/lib/libsqlite3.dylib
0x00007ff8248e7000 	/usr/lib/libxar.1.dylib
0x00007ff823dc9000 	/usr/lib/libbz2.1.0.dylib
0x00007ff824111000 	/usr/lib/libpcap.A.dylib
0x00007ff81faf1000 	/usr/lib/libdns_services.dylib
0x00007ff82435f000 	/usr/lib/libapple_nghttp2.dylib
0x00007ff82414b000 	/usr/lib/libiconv.2.dylib
0x00007ff82409e000 	/usr/lib/libcharset.1.dylib
0x00007ff820a50000 	/System/Library/Frameworks/CoreServices.framework/Versions/A/Frameworks/FSEvents.framework/Versions/A/FSEvents
0x00007ff81b956000 	/System/Library/Frameworks/CoreServices.framework/Versions/A/Frameworks/CarbonCore.framework/Versions/A/CarbonCore
0x00007ff81fd3a000 	/System/Library/Frameworks/CoreServices.framework/Versions/A/Frameworks/Metadata.framework/Versions/A/Metadata
0x00007ff823ddc000 	/System/Library/Frameworks/CoreServices.framework/Versions/A/Frameworks/OSServices.framework/Versions/A/OSServices
0x00007ff8242d4000 	/System/Library/Frameworks/CoreServices.framework/Versions/A/Frameworks/SearchKit.framework/Versions/A/SearchKit
0x00007ff81fa83000 	/System/Library/Frameworks/CoreServices.framework/Versions/A/Frameworks/AE.framework/Versions/A/AE
0x00007ff81985a000 	/System/Library/Frameworks/CoreServices.framework/Versions/A/Frameworks/LaunchServices.framework/Versions/A/LaunchServices
0x00007ff82480f000 	/System/Library/Frameworks/CoreServices.framework/Versions/A/Frameworks/DictionaryServices.framework/Versions/A/DictionaryServices
0x00007ff820a5d000 	/System/Library/Frameworks/CoreServices.framework/Versions/A/Frameworks/SharedFileList.framework/Versions/A/SharedFileList
0x00007ff823723000 	/usr/lib/libCheckFix.dylib
0x00007ff81e2c2000 	/System/Library/PrivateFrameworks/TCC.framework/Versions/A/TCC
0x00007ff8229e6000 	/System/Library/PrivateFrameworks/CoreNLP.framework/Versions/A/CoreNLP
0x00007ff81fcea000 	/System/Library/PrivateFrameworks/MetadataUtilities.framework/Versions/A/MetadataUtilities
0x00007ff819f96000 	/usr/lib/libmecabra.dylib
0x00007ff823757000 	/usr/lib/libmecab.dylib
0x00007ff819f61000 	/usr/lib/libCRFSuite.dylib
0x00007ff8237b1000 	/usr/lib/libgermantok.dylib
0x00007ff82433a000 	/usr/lib/libThaiTokenizer.dylib
0x00007ff81fddd000 	/System/Library/Frameworks/Accelerate.framework/Versions/A/Frameworks/vImage.framework/Versions/A/vImage
0x00007ff82a47e000 	/System/Library/Frameworks/Accelerate.framework/Versions/A/Frameworks/vecLib.framework/Versions/A/vecLib
0x00007ff824928000 	/System/Library/Frameworks/Accelerate.framework/Versions/A/Frameworks/vecLib.framework/Versions/A/libvMisc.dylib
0x00007ff8231a5000 	/System/Library/Frameworks/Accelerate.framework/Versions/A/Frameworks/vecLib.framework/Versions/A/libvDSP.dylib
0x00007ff819bd5000 	/System/Library/Frameworks/Accelerate.framework/Versions/A/Frameworks/vecLib.framework/Versions/A/libBLAS.dylib
0x00007ff824471000 	/System/Library/Frameworks/Accelerate.framework/Versions/A/Frameworks/vecLib.framework/Versions/A/libLAPACK.dylib
0x00007ff8237b4000 	/System/Library/Frameworks/Accelerate.framework/Versions/A/Frameworks/vecLib.framework/Versions/A/libLinearAlgebra.dylib
0x00007ff824377000 	/System/Library/Frameworks/Accelerate.framework/Versions/A/Frameworks/vecLib.framework/Versions/A/libSparseBLAS.dylib
0x00007ff82446b000 	/System/Library/Frameworks/Accelerate.framework/Versions/A/Frameworks/vecLib.framework/Versions/A/libQuadrature.dylib
0x00007ff822ad1000 	/System/Library/Frameworks/Accelerate.framework/Versions/A/Frameworks/vecLib.framework/Versions/A/libBNNS.dylib
0x00007ff819e6f000 	/System/Library/Frameworks/Accelerate.framework/Versions/A/Frameworks/vecLib.framework/Versions/A/libSparse.dylib
0x00007ff822aca000 	/System/Library/PrivateFrameworks/LinguisticData.framework/Versions/A/LinguisticData
0x00007ff819e25000 	/System/Library/PrivateFrameworks/Lexicon.framework/Versions/A/Lexicon
0x00007ff824921000 	/usr/lib/libChineseTokenizer.dylib
0x00007ff81a590000 	/System/Library/PrivateFrameworks/LanguageModeling.framework/Versions/A/LanguageModeling
0x00007ff82433c000 	/System/Library/PrivateFrameworks/AppleSauce.framework/Versions/A/AppleSauce
0x00007ff823368000 	/System/Library/PrivateFrameworks/CoreEmoji.framework/Versions/A/CoreEmoji
0x00007ff82423c000 	/usr/lib/libcmph.dylib
0x00007ff820a34000 	/System/Library/Frameworks/OpenDirectory.framework/Versions/A/Frameworks/CFOpenDirectory.framework/Versions/A/CFOpenDirectory
0x00007ff820a28000 	/System/Library/Frameworks/OpenDirectory.framework/Versions/A/OpenDirectory
0x00007ff82487a000 	/System/Library/PrivateFrameworks/APFS.framework/Versions/A/APFS
0x00007ff82367e000 	/System/Library/Frameworks/SecurityFoundation.framework/Versions/A/SecurityFoundation
0x00007ff8248f5000 	/usr/lib/libutil.dylib
0x00007ff81bc80000 	/System/Library/PrivateFrameworks/CoreServicesStore.framework/Versions/A/CoreServicesStore
0x00007ff8248f9000 	/usr/lib/libxslt.1.dylib
0x00007ff82370b000 	/System/Library/PrivateFrameworks/BackgroundTaskManagement.framework/Versions/A/BackgroundTaskManagement
0x00007ff825d68000 	/System/Library/Frameworks/ImageIO.framework/Versions/A/Resources/libRadiance.dylib
0x00007ff825d71000 	/System/Library/Frameworks/ImageIO.framework/Versions/A/Resources/libJPEG.dylib
0x00007ff825cc0000 	/System/Library/Frameworks/ImageIO.framework/Versions/A/Resources/libPng.dylib
0x00007ff825ce1000 	/System/Library/Frameworks/ImageIO.framework/Versions/A/Resources/libTIFF.dylib
0x00007ff825dd1000 	/System/Library/Frameworks/ImageIO.framework/Versions/A/Resources/libGIF.dylib
0x00007ff8255fb000 	/System/Library/Frameworks/ImageIO.framework/Versions/A/Resources/libJP2.dylib
0x00007ff824d37000 	/usr/lib/libexpat.1.dylib
0x00007ff8255b0000 	/System/Library/PrivateFrameworks/AppleJPEG.framework/Versions/A/AppleJPEG
0x00007ff821f1a000 	/System/Library/PrivateFrameworks/FontServices.framework/libFontParser.dylib
0x00007ff81fa2d000 	/System/Library/PrivateFrameworks/RunningBoardServices.framework/Versions/A/RunningBoardServices
0x00007ff830739000 	/System/Library/PrivateFrameworks/IOSurfaceAccelerator.framework/Versions/A/IOSurfaceAccelerator
0x00007ff8256dd000 	/System/Library/PrivateFrameworks/WatchdogClient.framework/Versions/A/WatchdogClient
0x00007ff81a67e000 	/System/Library/Frameworks/CoreDisplay.framework/Versions/A/CoreDisplay
0x00007ff821e18000 	/System/Library/Frameworks/CoreMedia.framework/Versions/A/CoreMedia
0x00007ff821cac000 	/System/Library/PrivateFrameworks/IOAccelerator.framework/Versions/A/IOAccelerator
0x00007ff820bb1000 	/System/Library/Frameworks/CoreVideo.framework/Versions/A/CoreVideo
0x00007ff82438d000 	/System/Library/Frameworks/MetalPerformanceShaders.framework/Versions/A/MetalPerformanceShaders
0x00007ff82571a000 	/System/Library/Frameworks/VideoToolbox.framework/Versions/A/VideoToolbox
0x00007ff81f977000 	/System/Library/PrivateFrameworks/BaseBoard.framework/Versions/A/BaseBoard
0x00007ff81f6fe000 	/System/Library/PrivateFrameworks/ProtocolBuffer.framework/Versions/A/ProtocolBuffer
0x00007ff825d61000 	/System/Library/PrivateFrameworks/GPUWrangler.framework/Versions/A/GPUWrangler
0x00007ff825d45000 	/System/Library/PrivateFrameworks/IOPresentment.framework/Versions/A/IOPresentment
0x00007ff825d6b000 	/System/Library/PrivateFrameworks/DSExternalDisplay.framework/Versions/A/DSExternalDisplay
0x00007ffa320f1000 	/System/Library/Frameworks/OpenGL.framework/Versions/A/Libraries/libCoreFSCache.dylib
0x00007ffb1f1c7000 	/System/Library/PrivateFrameworks/GPUCompiler.framework/Versions/31001/Libraries/libGPUCompilerUtils.dylib
0x00007ff825dd6000 	/System/Library/PrivateFrameworks/CMCaptureCore.framework/Versions/A/CMCaptureCore
0x00007ff8252df000 	/System/Library/PrivateFrameworks/AppServerSupport.framework/Versions/A/AppServerSupport
0x00007ff8275a4000 	/System/Library/PrivateFrameworks/perfdata.framework/Versions/A/perfdata
0x00007ff81a7aa000 	/System/Library/PrivateFrameworks/AudioToolboxCore.framework/Versions/A/AudioToolboxCore
0x00007ff821df6000 	/System/Library/PrivateFrameworks/caulk.framework/Versions/A/caulk
0x00007ff826eb6000 	/usr/lib/libAudioStatistics.dylib
0x00007ff91ebac000 	/System/Library/PrivateFrameworks/SystemPolicy.framework/Versions/A/SystemPolicy
0x00007ff827111000 	/usr/lib/libSMC.dylib
0x00007ff830031000 	/System/Library/Frameworks/CoreMIDI.framework/Versions/A/CoreMIDI
0x00007ff825c8f000 	/usr/lib/libAudioToolboxUtility.dylib
0x00007ff91add4000 	/System/Library/PrivateFrameworks/OSAServicesClient.framework/Versions/A/OSAServicesClient
0x00007ff8275b1000 	/usr/lib/libperfcheck.dylib
0x00007ff91f659000 	/usr/lib/libmis.dylib
0x00007ffa3214c000 	/System/Library/Frameworks/OpenGL.framework/Versions/A/Libraries/libGLU.dylib
0x00007ffa32110000 	/System/Library/Frameworks/OpenGL.framework/Versions/A/Libraries/libGFXShared.dylib
0x00007ffa32319000 	/System/Library/Frameworks/OpenGL.framework/Versions/A/Libraries/libGL.dylib
0x00007ffa32119000 	/System/Library/Frameworks/OpenGL.framework/Versions/A/Libraries/libGLImage.dylib
0x00007ffa3210d000 	/System/Library/Frameworks/OpenGL.framework/Versions/A/Libraries/libCVMSPluginSupport.dylib
0x00007ffa320f8000 	/System/Library/Frameworks/OpenGL.framework/Versions/A/Libraries/libCoreVMClient.dylib
0x00007ff822962000 	/System/Library/Frameworks/MetalPerformanceShaders.framework/Versions/A/Frameworks/MPSCore.framework/Versions/A/MPSCore
0x00007ff823d24000 	/System/Library/Frameworks/MetalPerformanceShaders.framework/Versions/A/Frameworks/MPSImage.framework/Versions/A/MPSImage
0x00007ff8237ca000 	/System/Library/Frameworks/MetalPerformanceShaders.framework/Versions/A/Frameworks/MPSNeuralNetwork.framework/Versions/A/MPSNeuralNetwork
0x00007ff823c3e000 	/System/Library/Frameworks/MetalPerformanceShaders.framework/Versions/A/Frameworks/MPSMatrix.framework/Versions/A/MPSMatrix
0x00007ff8239f9000 	/System/Library/Frameworks/MetalPerformanceShaders.framework/Versions/A/Frameworks/MPSRayIntersector.framework/Versions/A/MPSRayIntersector
0x00007ff823c76000 	/System/Library/Frameworks/MetalPerformanceShaders.framework/Versions/A/Frameworks/MPSNDArray.framework/Versions/A/MPSNDArray
0x00007ffa37bd1000 	/System/Library/Frameworks/MetalPerformanceShaders.framework/Versions/A/Frameworks/MPSFunctions.framework/Versions/A/MPSFunctions
0x00007ff819ab1000 	/System/Library/PrivateFrameworks/MetalTools.framework/Versions/A/MetalTools
0x00007ff8229de000 	/System/Library/PrivateFrameworks/AggregateDictionary.framework/Versions/A/AggregateDictionary
0x00007ff824b19000 	/usr/lib/libIOReport.dylib
0x00007ffa33728000 	/System/Library/Frameworks/OpenCL.framework/Versions/A/OpenCL
0x00007ff824e7d000 	/System/Library/PrivateFrameworks/FaceCore.framework/Versions/A/FaceCore
0x00007ff824e6e000 	/System/Library/PrivateFrameworks/GraphVisualizer.framework/Versions/A/GraphVisualizer
0x00007ffb1f0d2000 	/System/Library/PrivateFrameworks/FontServices.framework/Versions/A/FontServices
0x00007ff825297000 	/System/Library/PrivateFrameworks/OTSVG.framework/Versions/A/OTSVG
0x00007ff820797000 	/System/Library/Frameworks/ApplicationServices.framework/Versions/A/Frameworks/ATS.framework/Versions/A/Resources/libFontRegistry.dylib
0x00007ff8252e7000 	/System/Library/PrivateFrameworks/FontServices.framework/libhvf.dylib
0x00007ffb1f0d3000 	/System/Library/PrivateFrameworks/FontServices.framework/libXTFontStaticRegistryData.dylib
0x00007ff824ce7000 	/System/Library/PrivateFrameworks/AppleVA.framework/Versions/A/AppleVA
0x00007ff826ed6000 	/System/Library/Frameworks/ApplicationServices.framework/Versions/A/Frameworks/ATS.framework/Versions/A/ATS
0x00007ff81ee44000 	/System/Library/Frameworks/ApplicationServices.framework/Versions/A/Frameworks/HIServices.framework/Versions/A/HIServices
0x00007ff825de0000 	/System/Library/Frameworks/ApplicationServices.framework/Versions/A/Frameworks/PrintCore.framework/Versions/A/PrintCore
0x00007ff827264000 	/System/Library/Frameworks/ApplicationServices.framework/Versions/A/Frameworks/QD.framework/Versions/A/QD
0x00007ff82725c000 	/System/Library/Frameworks/ApplicationServices.framework/Versions/A/Frameworks/ColorSyncLegacy.framework/Versions/A/ColorSyncLegacy
0x00007ff826ec6000 	/System/Library/Frameworks/ApplicationServices.framework/Versions/A/Frameworks/SpeechSynthesis.framework/Versions/A/SpeechSynthesis
0x00007ff825da1000 	/System/Library/Frameworks/ApplicationServices.framework/Versions/A/Frameworks/ATSUI.framework/Versions/A/ATSUI
0x00007ff8271f1000 	/usr/lib/libcups.2.dylib
0x00007ff8275c0000 	/System/Library/Frameworks/Kerberos.framework/Versions/A/Kerberos
0x00007ff8275cf000 	/System/Library/Frameworks/GSS.framework/Versions/A/GSS
0x00007ff826f42000 	/usr/lib/libresolv.9.dylib
0x00007ff8252f6000 	/System/Library/PrivateFrameworks/Heimdal.framework/Versions/A/Heimdal
0x00007ff82e1b4000 	/System/Library/Frameworks/Kerberos.framework/Versions/A/Libraries/libHeimdalProxy.dylib
0x00007ff81fb01000 	/System/Library/Frameworks/Network.framework/Versions/A/Network
0x00007ff824d51000 	/usr/lib/libheimdal-asn1.dylib
0x00007ff82761a000 	/System/Library/PrivateFrameworks/CommonAuth.framework/Versions/A/CommonAuth
0x00007ff826e48000 	/System/Library/PrivateFrameworks/AudioSession.framework/Versions/A/AudioSession
0x00007ff824de1000 	/System/Library/PrivateFrameworks/MediaExperience.framework/Versions/A/MediaExperience
0x00007ff826cda000 	/System/Library/PrivateFrameworks/AudioSession.framework/libSessionUtility.dylib
0x00007ff827270000 	/System/Library/PrivateFrameworks/AudioResourceArbitration.framework/Versions/A/AudioResourceArbitration
0x00007ff82b2f1000 	/System/Library/PrivateFrameworks/PowerLog.framework/Versions/A/PowerLog
0x00007ff824d5a000 	/System/Library/PrivateFrameworks/IconFoundation.framework/Versions/A/IconFoundation
0x00007ff82a0a7000 	/System/Library/PrivateFrameworks/SpeechRecognitionCore.framework/Versions/A/SpeechRecognitionCore
0x00000001107fe000 	/Library/Java/JavaVirtualMachines/temurin-17.jdk/Contents/Home/lib/server/libjvm.dylib
0x000000010f729000 	/Library/Java/JavaVirtualMachines/temurin-17.jdk/Contents/Home/lib/libjimage.dylib
0x000000010f74c000 	/Library/Java/JavaVirtualMachines/temurin-17.jdk/Contents/Home/lib/libinstrument.dylib
0x000000010f78e000 	/Library/Java/JavaVirtualMachines/temurin-17.jdk/Contents/Home/lib/libjava.dylib
0x0000000110630000 	/Library/Java/JavaVirtualMachines/temurin-17.jdk/Contents/Home/lib/libzip.dylib
0x0000000110608000 	/Library/Java/JavaVirtualMachines/temurin-17.jdk/Contents/Home/lib/libnio.dylib
0x0000000110658000 	/Library/Java/JavaVirtualMachines/temurin-17.jdk/Contents/Home/lib/libnet.dylib
0x0000000110678000 	/Library/Java/JavaVirtualMachines/temurin-17.jdk/Contents/Home/lib/libverify.dylib
0x000000010f76c000 	/Users/lukeyan/.gradle/native/68d5fa5c4cc2d200863cafc0d521ce42e7d3e7ee720ec0a83991735586a16f82/osx-amd64/libnative-platform.dylib
0x00000001106fd000 	/Users/lukeyan/.gradle/native/e376f236ea51e6404a007f0833ffe2c6e607c4080706a723a18a27aeea778392/osx-amd64/libnative-platform-file-events.dylib
0x0000000110690000 	/Library/Java/JavaVirtualMachines/temurin-17.jdk/Contents/Home/lib/libmanagement.dylib
0x00000001106a0000 	/Library/Java/JavaVirtualMachines/temurin-17.jdk/Contents/Home/lib/libmanagement_ext.dylib
0x00000001106b0000 	/Library/Java/JavaVirtualMachines/temurin-17.jdk/Contents/Home/lib/libextnet.dylib


VM Arguments:
jvm_args: --add-opens=java.base/java.util=ALL-UNNAMED --add-opens=java.base/java.lang=ALL-UNNAMED --add-opens=java.base/java.lang.invoke=ALL-UNNAMED --add-opens=java.prefs/java.util.prefs=ALL-UNNAMED --add-opens=java.base/java.nio.charset=ALL-UNNAMED --add-opens=java.base/java.net=ALL-UNNAMED --add-opens=java.base/java.util.concurrent.atomic=ALL-UNNAMED -Xmx3G -Dfile.encoding=UTF-8 -Duser.country=CA -Duser.language=en -Duser.variant -javaagent:/Users/lukeyan/.gradle/wrapper/dists/gradle-8.1.1-bin/9wiye5v2saajue4irfo8ybqfp/gradle-8.1.1/lib/agents/gradle-instrumentation-agent-8.1.1.jar 
java_command: org.gradle.launcher.daemon.bootstrap.GradleDaemon 8.1.1
java_class_path (initial): /Users/lukeyan/.gradle/wrapper/dists/gradle-8.1.1-bin/9wiye5v2saajue4irfo8ybqfp/gradle-8.1.1/lib/gradle-launcher-8.1.1.jar
Launcher Type: SUN_STANDARD

[Global flags]
     intx CICompilerCount                          = 3                                         {product} {ergonomic}
     uint ConcGCThreads                            = 1                                         {product} {ergonomic}
     uint G1ConcRefinementThreads                  = 4                                         {product} {ergonomic}
   size_t G1HeapRegionSize                         = 2097152                                   {product} {ergonomic}
    uintx GCDrainStackTargetSize                   = 64                                        {product} {ergonomic}
   size_t InitialHeapSize                          = 268435456                                 {product} {ergonomic}
   size_t MarkStackSize                            = 4194304                                   {product} {ergonomic}
   size_t MaxHeapSize                              = 3221225472                                {product} {command line}
   size_t MaxNewSize                               = 1931476992                                {product} {ergonomic}
   size_t MinHeapDeltaBytes                        = 2097152                                   {product} {ergonomic}
   size_t MinHeapSize                              = 8388608                                   {product} {ergonomic}
    uintx NonNMethodCodeHeapSize                   = 5832780                                {pd product} {ergonomic}
    uintx NonProfiledCodeHeapSize                  = 122912730                              {pd product} {ergonomic}
    uintx ProfiledCodeHeapSize                     = 122912730                              {pd product} {ergonomic}
    uintx ReservedCodeCacheSize                    = 251658240                              {pd product} {ergonomic}
     bool SegmentedCodeCache                       = true                                      {product} {ergonomic}
   size_t SoftMaxHeapSize                          = 3221225472                             {manageable} {ergonomic}
     bool UseCompressedClassPointers               = true                           {product lp64_product} {ergonomic}
     bool UseCompressedOops                        = true                           {product lp64_product} {ergonomic}
     bool UseG1GC                                  = true                                      {product} {ergonomic}
     bool UseNUMA                                  = false                                     {product} {ergonomic}
     bool UseNUMAInterleaving                      = false                                     {product} {ergonomic}

Logging:
Log output configuration:
 #0: stdout all=warning uptime,level,tags
 #1: stderr all=off uptime,level,tags

Environment Variables:
PATH=/Library/Frameworks/Python.framework/Versions/3.13/bin:/usr/local/bin:/usr/bin:/bin:/usr/sbin:/sbin
SHELL=/bin/zsh
LC_CTYPE=en_CA.UTF-8
TMPDIR=/var/folders/g8/2hgzs7c916zg8dz268t1vm140000gp/T/

Active Locale:
LC_ALL=C
LC_COLLATE=C
LC_CTYPE=C
LC_MESSAGES=C
LC_MONETARY=C
LC_NUMERIC=C
LC_TIME=C

Signal Handlers:
   SIGSEGV: _ZL13crash_handleriP9__siginfoPv in libjvm.dylib, mask=11100110000111110111111111111111, flags=SA_RESTART|SA_SIGINFO, unblocked
    SIGBUS: _ZL13crash_handleriP9__siginfoPv in libjvm.dylib, mask=11100110000111110111111111111111, flags=SA_RESTART|SA_SIGINFO, unblocked
    SIGFPE: _ZL13crash_handleriP9__siginfoPv in libjvm.dylib, mask=11100110000111110111111111111111, flags=SA_RESTART|SA_SIGINFO, unblocked
   SIGPIPE: _ZL17javaSignalHandleriP9__siginfoPv in libjvm.dylib, mask=11100110000111110111111111111111, flags=SA_RESTART|SA_SIGINFO, blocked
   SIGXFSZ: _ZL17javaSignalHandleriP9__siginfoPv in libjvm.dylib, mask=11100110000111110111111111111111, flags=SA_RESTART|SA_SIGINFO, blocked
    SIGILL: _ZL13crash_handleriP9__siginfoPv in libjvm.dylib, mask=11100110000111110111111111111111, flags=SA_RESTART|SA_SIGINFO, unblocked
   SIGUSR2: _ZL10SR_handleriP9__siginfoP17__darwin_ucontext in libjvm.dylib, mask=00000000000000000000000000000000, flags=SA_RESTART|SA_SIGINFO, blocked
    SIGHUP: _ZL11UserHandleriPvS_ in libjvm.dylib, mask=11100110000111110111111111111111, flags=SA_RESTART|SA_SIGINFO, blocked
    SIGINT: _ZL11UserHandleriPvS_ in libjvm.dylib, mask=11100110000111110111111111111111, flags=SA_RESTART|SA_SIGINFO, blocked
   SIGTERM: _ZL11UserHandleriPvS_ in libjvm.dylib, mask=11100110000111110111111111111111, flags=SA_RESTART|SA_SIGINFO, blocked
   SIGQUIT: _ZL11UserHandleriPvS_ in libjvm.dylib, mask=11100110000111110111111111111111, flags=SA_RESTART|SA_SIGINFO, blocked
   SIGTRAP: _ZL13crash_handleriP9__siginfoPv in libjvm.dylib, mask=11100110000111110111111111111111, flags=SA_RESTART|SA_SIGINFO, unblocked


Periodic native trim disabled


---------------  S Y S T E M  ---------------

OS:
uname: Darwin 21.6.0 Darwin Kernel Version 21.6.0: Mon Dec 19 20:44:01 PST 2022; root:xnu-8020.240.18~2/RELEASE_X86_64 x86_64
OS uptime: 1 days 0:04 hours
rlimit (soft/hard): STACK 8192k/65532k , CORE 0k/infinity , NPROC 2784/4176 , NOFILE 10240/infinity , AS infinity/infinity , CPU infinity/infinity , DATA infinity/infinity , FSIZE infinity/infinity , MEMLOCK infinity/infinity , RSS infinity/infinity
load average: 26.45 20.20 13.03

CPU: total 4 (initial active 4) (2 cores per cpu, 2 threads per core) family 6 model 61 stepping 4 microcode 0x2f, cx8, cmov, fxsr, ht, mmx, 3dnowpref, sse, sse2, sse3, ssse3, sse4.1, sse4.2, popcnt, lzcnt, tsc, tscinvbit, avx, avx2, aes, erms, clmul, bmi1, bmi2, adx, fma, vzeroupper, clflush
machdep.cpu.brand_string:Intel(R) Core(TM) i5-5257U CPU @ 2.70GHz
hw.cpufrequency:2700000000
hw.cpufrequency_min:2700000000
hw.cpufrequency_max:2700000000
hw.cachelinesize:64
hw.l1icachesize:32768
hw.l1dcachesize:32768
hw.l2cachesize:262144
hw.l3cachesize:3145728

Memory: 4k page, physical 16777216k(42904k free), swap 1048576k(959744k free)

vm_info: OpenJDK 64-Bit Server VM (17.0.11+9) for bsd-amd64 JRE (17.0.11+9), built on Apr 16 2024 00:00:00 by "admin" with clang Apple LLVM 15.0.0 (clang-1500.1.0.2.5)

END.
